2020-06-03 23:44:05 [ INFO ] [ com.smarthome.AdminApplication ] Starting AdminApplication on lscdeMacBook-Pro.local with PID 2267 (/Volumes/LSC/smarthome-admin/target/classes started by lsc in /Volumes/LSC/smarthome-admin)
2020-06-03 23:44:05 [ INFO ] [ com.smarthome.AdminApplication ] The following profiles are active: localhost
2020-06-03 23:44:06 [ INFO ] [ org.springframework.data.repository.config.RepositoryConfigurationDelegate ] Multiple Spring Data modules found, entering strict repository configuration mode!
2020-06-03 23:44:06 [ INFO ] [ org.springframework.data.repository.config.RepositoryConfigurationDelegate ] Bootstrapping Spring Data Redis repositories in DEFAULT mode.
2020-06-03 23:44:06 [ INFO ] [ org.springframework.data.repository.config.RepositoryConfigurationDelegate ] Finished Spring Data repository scanning in 26ms. Found 0 Redis repository interfaces.
2020-06-03 23:44:06 [ INFO ] [ org.springframework.context.support.PostProcessorRegistrationDelegate$BeanPostProcessorChecker ] Bean 'org.springframework.boot.autoconfigure.jdbc.DataSourceTransactionManagerAutoConfiguration$DataSourceTransactionManagerConfiguration' of type [org.springframework.boot.autoconfigure.jdbc.DataSourceTransactionManagerAutoConfiguration$DataSourceTransactionManagerConfiguration] is not eligible for getting processed by all BeanPostProcessors (for example: not eligible for auto-proxying)
2020-06-03 23:44:06 [ INFO ] [ org.springframework.context.support.PostProcessorRegistrationDelegate$BeanPostProcessorChecker ] Bean 'org.springframework.boot.autoconfigure.jdbc.DataSourceConfiguration$Hikari' of type [org.springframework.boot.autoconfigure.jdbc.DataSourceConfiguration$Hikari] is not eligible for getting processed by all BeanPostProcessors (for example: not eligible for auto-proxying)
2020-06-03 23:44:06 [ INFO ] [ org.springframework.context.support.PostProcessorRegistrationDelegate$BeanPostProcessorChecker ] Bean 'spring.datasource-org.springframework.boot.autoconfigure.jdbc.DataSourceProperties' of type [org.springframework.boot.autoconfigure.jdbc.DataSourceProperties] is not eligible for getting processed by all BeanPostProcessors (for example: not eligible for auto-proxying)
2020-06-03 23:44:06 [ INFO ] [ org.springframework.context.support.PostProcessorRegistrationDelegate$BeanPostProcessorChecker ] Bean 'dataSource' of type [com.zaxxer.hikari.HikariDataSource] is not eligible for getting processed by all BeanPostProcessors (for example: not eligible for auto-proxying)
2020-06-03 23:44:06 [ INFO ] [ org.springframework.context.support.PostProcessorRegistrationDelegate$BeanPostProcessorChecker ] Bean 'org.springframework.boot.autoconfigure.jdbc.DataSourceInitializerInvoker' of type [org.springframework.boot.autoconfigure.jdbc.DataSourceInitializerInvoker] is not eligible for getting processed by all BeanPostProcessors (for example: not eligible for auto-proxying)
2020-06-03 23:44:06 [ INFO ] [ org.springframework.context.support.PostProcessorRegistrationDelegate$BeanPostProcessorChecker ] Bean 'org.springframework.boot.autoconfigure.transaction.TransactionAutoConfiguration' of type [org.springframework.boot.autoconfigure.transaction.TransactionAutoConfiguration] is not eligible for getting processed by all BeanPostProcessors (for example: not eligible for auto-proxying)
2020-06-03 23:44:06 [ INFO ] [ org.springframework.context.support.PostProcessorRegistrationDelegate$BeanPostProcessorChecker ] Bean 'spring.transaction-org.springframework.boot.autoconfigure.transaction.TransactionProperties' of type [org.springframework.boot.autoconfigure.transaction.TransactionProperties] is not eligible for getting processed by all BeanPostProcessors (for example: not eligible for auto-proxying)
2020-06-03 23:44:06 [ INFO ] [ org.springframework.context.support.PostProcessorRegistrationDelegate$BeanPostProcessorChecker ] Bean 'platformTransactionManagerCustomizers' of type [org.springframework.boot.autoconfigure.transaction.TransactionManagerCustomizers] is not eligible for getting processed by all BeanPostProcessors (for example: not eligible for auto-proxying)
2020-06-03 23:44:06 [ INFO ] [ org.springframework.context.support.PostProcessorRegistrationDelegate$BeanPostProcessorChecker ] Bean 'transactionManager' of type [org.springframework.jdbc.datasource.DataSourceTransactionManager] is not eligible for getting processed by all BeanPostProcessors (for example: not eligible for auto-proxying)
2020-06-03 23:44:06 [ INFO ] [ org.springframework.context.support.PostProcessorRegistrationDelegate$BeanPostProcessorChecker ] Bean 'transactionManagerConfig' of type [com.smarthome.aop.TransactionManagerConfig$$EnhancerBySpringCGLIB$$f684e102] is not eligible for getting processed by all BeanPostProcessors (for example: not eligible for auto-proxying)
2020-06-03 23:44:06 [ INFO ] [ org.springframework.context.support.PostProcessorRegistrationDelegate$BeanPostProcessorChecker ] Bean 'txAdvice' of type [org.springframework.transaction.interceptor.TransactionInterceptor] is not eligible for getting processed by all BeanPostProcessors (for example: not eligible for auto-proxying)
2020-06-03 23:44:06 [ INFO ] [ org.springframework.context.support.PostProcessorRegistrationDelegate$BeanPostProcessorChecker ] Bean 'txAdviceAdvisor' of type [org.springframework.aop.support.DefaultPointcutAdvisor] is not eligible for getting processed by all BeanPostProcessors (for example: not eligible for auto-proxying)
2020-06-03 23:44:07 [ INFO ] [ org.springframework.boot.web.embedded.tomcat.TomcatWebServer ] Tomcat initialized with port(s): 7706 (http)
2020-06-03 23:44:07 [ INFO ] [ org.apache.coyote.http11.Http11NioProtocol ] Initializing ProtocolHandler ["http-nio-7706"]
2020-06-03 23:44:07 [ INFO ] [ org.apache.catalina.core.StandardService ] Starting service [Tomcat]
2020-06-03 23:44:07 [ INFO ] [ org.apache.catalina.core.StandardEngine ] Starting Servlet engine: [Apache Tomcat/9.0.35]
2020-06-03 23:44:07 [ INFO ] [ org.apache.catalina.core.ContainerBase.[Tomcat].[localhost].[/] ] Initializing Spring embedded WebApplicationContext
2020-06-03 23:44:07 [ INFO ] [ org.springframework.web.context.ContextLoader ] Root WebApplicationContext: initialization completed in 1725 ms
2020-06-03 23:44:08 [ INFO ] [ org.springframework.scheduling.concurrent.ThreadPoolTaskExecutor ] Initializing ExecutorService 'applicationTaskExecutor'
2020-06-03 23:44:08 [ INFO ] [ org.apache.coyote.http11.Http11NioProtocol ] Starting ProtocolHandler ["http-nio-7706"]
2020-06-03 23:44:08 [ INFO ] [ org.springframework.boot.web.embedded.tomcat.TomcatWebServer ] Tomcat started on port(s): 7706 (http) with context path ''
2020-06-03 23:44:08 [ INFO ] [ com.smarthome.AdminApplication ] Started AdminApplication in 3.733 seconds (JVM running for 4.882)
2020-06-03 23:44:08 [ INFO ] [ com.smarthome.lifecycle.ApplicationRunnerImpl ] 项目启动后首次执行
2020-06-03 23:44:08 [ INFO ] [ com.smarthome.AdminApplication ] 项目启动成功
2020-06-03 23:44:12 [ INFO ] [ org.apache.catalina.core.ContainerBase.[Tomcat].[localhost].[/] ] Initializing Spring DispatcherServlet 'dispatcherServlet'
2020-06-03 23:44:12 [ INFO ] [ org.springframework.web.servlet.DispatcherServlet ] Initializing Servlet 'dispatcherServlet'
2020-06-03 23:44:12 [ INFO ] [ org.springframework.web.servlet.DispatcherServlet ] Completed initialization in 10 ms
2020-06-03 23:44:12 [ INFO ] [ com.zaxxer.hikari.HikariDataSource ] Retail_HikariCP - Starting...
2020-06-03 23:44:13 [ INFO ] [ com.zaxxer.hikari.HikariDataSource ] Retail_HikariCP - Start completed.
2020-06-03 23:44:13 [ INFO ] [ com.smarthome.aop.TimeInterceptor ] 方法findUserDemo,请求耗时[626]毫秒
2020-06-03 23:44:13 [ INFO ] [ com.smarthome.aop.EncodeResponseBodyAdvice ] .....加密返回参数开始.....
2020-06-03 23:44:13 [ INFO ] [ com.smarthome.aop.EncodeResponseBodyAdvice ] .....加密返回参数结束.....
2020-06-03 23:44:13 [ INFO ] [ com.smarthome.aop.EncodeResponseBodyAdvice ] 方法[findUserDemo]返回加密数据:
{"code":"0","data":{"userId":"331513876808077312"},"message":"SUCCESS"}
2020-06-03 23:45:23 [ INFO ] [ com.smarthome.aop.TimeInterceptor ] 方法updateUserDemo,请求耗时[103]毫秒
2020-06-03 23:45:23 [ INFO ] [ com.smarthome.aop.EncodeResponseBodyAdvice ] .....加密返回参数开始.....
2020-06-03 23:45:23 [ INFO ] [ com.smarthome.aop.EncodeResponseBodyAdvice ] .....加密返回参数结束.....
2020-06-03 23:45:23 [ INFO ] [ com.smarthome.aop.EncodeResponseBodyAdvice ] 方法[updateUserDemo]返回加密数据:
{"code":"0","message":"SUCCESS"}
2020-06-03 23:45:27 [ INFO ] [ com.smarthome.aop.TimeInterceptor ] 方法findUserDemo,请求耗时[24]毫秒
2020-06-03 23:45:27 [ INFO ] [ com.smarthome.aop.EncodeResponseBodyAdvice ] .....加密返回参数开始.....
2020-06-03 23:45:27 [ INFO ] [ com.smarthome.aop.EncodeResponseBodyAdvice ] .....加密返回参数结束.....
2020-06-03 23:45:27 [ INFO ] [ com.smarthome.aop.EncodeResponseBodyAdvice ] 方法[findUserDemo]返回加密数据:
{"code":"0","data":{"userId":"331513876808077311"},"message":"SUCCESS"}
2020-06-03 23:45:33 [ INFO ] [ com.smarthome.aop.TimeInterceptor ] 方法updateUserDemo,请求耗时[65]毫秒
2020-06-03 23:45:33 [ INFO ] [ com.smarthome.aop.EncodeResponseBodyAdvice ] .....加密返回参数开始.....
2020-06-03 23:45:33 [ INFO ] [ com.smarthome.aop.EncodeResponseBodyAdvice ] .....加密返回参数结束.....
2020-06-03 23:45:33 [ INFO ] [ com.smarthome.aop.EncodeResponseBodyAdvice ] 方法[updateUserDemo]返回加密数据:
{"code":"0","message":"SUCCESS"}
2020-06-03 23:55:32 [ INFO ] [ org.springframework.scheduling.concurrent.ThreadPoolTaskExecutor ] Shutting down ExecutorService 'applicationTaskExecutor'
2020-06-03 23:55:32 [ INFO ] [ com.zaxxer.hikari.HikariDataSource ] Retail_HikariCP - Shutdown initiated...
2020-06-03 23:55:32 [ INFO ] [ com.zaxxer.hikari.HikariDataSource ] Retail_HikariCP - Shutdown completed.
2020-06-03 23:55:41 [ INFO ] [ com.smarthome.AdminApplication ] Starting AdminApplication on lscdeMacBook-Pro.local with PID 2666 (/Volumes/LSC/smarthome-admin/target/classes started by lsc in /Volumes/LSC/smarthome-admin)
2020-06-03 23:55:41 [ INFO ] [ com.smarthome.AdminApplication ] The following profiles are active: localhost
2020-06-03 23:55:42 [ INFO ] [ org.springframework.data.repository.config.RepositoryConfigurationDelegate ] Multiple Spring Data modules found, entering strict repository configuration mode!
2020-06-03 23:55:42 [ INFO ] [ org.springframework.data.repository.config.RepositoryConfigurationDelegate ] Bootstrapping Spring Data Redis repositories in DEFAULT mode.
2020-06-03 23:55:42 [ INFO ] [ org.springframework.data.repository.config.RepositoryConfigurationDelegate ] Finished Spring Data repository scanning in 18ms. Found 0 Redis repository interfaces.
2020-06-03 23:55:43 [ INFO ] [ org.springframework.context.support.PostProcessorRegistrationDelegate$BeanPostProcessorChecker ] Bean 'org.springframework.boot.autoconfigure.jdbc.DataSourceTransactionManagerAutoConfiguration$DataSourceTransactionManagerConfiguration' of type [org.springframework.boot.autoconfigure.jdbc.DataSourceTransactionManagerAutoConfiguration$DataSourceTransactionManagerConfiguration] is not eligible for getting processed by all BeanPostProcessors (for example: not eligible for auto-proxying)
2020-06-03 23:55:43 [ INFO ] [ org.springframework.context.support.PostProcessorRegistrationDelegate$BeanPostProcessorChecker ] Bean 'org.springframework.boot.autoconfigure.jdbc.DataSourceConfiguration$Hikari' of type [org.springframework.boot.autoconfigure.jdbc.DataSourceConfiguration$Hikari] is not eligible for getting processed by all BeanPostProcessors (for example: not eligible for auto-proxying)
2020-06-03 23:55:43 [ INFO ] [ org.springframework.context.support.PostProcessorRegistrationDelegate$BeanPostProcessorChecker ] Bean 'spring.datasource-org.springframework.boot.autoconfigure.jdbc.DataSourceProperties' of type [org.springframework.boot.autoconfigure.jdbc.DataSourceProperties] is not eligible for getting processed by all BeanPostProcessors (for example: not eligible for auto-proxying)
2020-06-03 23:55:43 [ INFO ] [ org.springframework.context.support.PostProcessorRegistrationDelegate$BeanPostProcessorChecker ] Bean 'dataSource' of type [com.zaxxer.hikari.HikariDataSource] is not eligible for getting processed by all BeanPostProcessors (for example: not eligible for auto-proxying)
2020-06-03 23:55:43 [ INFO ] [ org.springframework.context.support.PostProcessorRegistrationDelegate$BeanPostProcessorChecker ] Bean 'org.springframework.boot.autoconfigure.jdbc.DataSourceInitializerInvoker' of type [org.springframework.boot.autoconfigure.jdbc.DataSourceInitializerInvoker] is not eligible for getting processed by all BeanPostProcessors (for example: not eligible for auto-proxying)
2020-06-03 23:55:43 [ INFO ] [ org.springframework.context.support.PostProcessorRegistrationDelegate$BeanPostProcessorChecker ] Bean 'org.springframework.boot.autoconfigure.transaction.TransactionAutoConfiguration' of type [org.springframework.boot.autoconfigure.transaction.TransactionAutoConfiguration] is not eligible for getting processed by all BeanPostProcessors (for example: not eligible for auto-proxying)
2020-06-03 23:55:43 [ INFO ] [ org.springframework.context.support.PostProcessorRegistrationDelegate$BeanPostProcessorChecker ] Bean 'spring.transaction-org.springframework.boot.autoconfigure.transaction.TransactionProperties' of type [org.springframework.boot.autoconfigure.transaction.TransactionProperties] is not eligible for getting processed by all BeanPostProcessors (for example: not eligible for auto-proxying)
2020-06-03 23:55:43 [ INFO ] [ org.springframework.context.support.PostProcessorRegistrationDelegate$BeanPostProcessorChecker ] Bean 'platformTransactionManagerCustomizers' of type [org.springframework.boot.autoconfigure.transaction.TransactionManagerCustomizers] is not eligible for getting processed by all BeanPostProcessors (for example: not eligible for auto-proxying)
2020-06-03 23:55:43 [ INFO ] [ org.springframework.context.support.PostProcessorRegistrationDelegate$BeanPostProcessorChecker ] Bean 'transactionManager' of type [org.springframework.jdbc.datasource.DataSourceTransactionManager] is not eligible for getting processed by all BeanPostProcessors (for example: not eligible for auto-proxying)
2020-06-03 23:55:43 [ INFO ] [ org.springframework.context.support.PostProcessorRegistrationDelegate$BeanPostProcessorChecker ] Bean 'transactionManagerConfig' of type [com.smarthome.aop.TransactionManagerConfig$$EnhancerBySpringCGLIB$$b78879e0] is not eligible for getting processed by all BeanPostProcessors (for example: not eligible for auto-proxying)
2020-06-03 23:55:43 [ INFO ] [ org.springframework.context.support.PostProcessorRegistrationDelegate$BeanPostProcessorChecker ] Bean 'txAdvice' of type [org.springframework.transaction.interceptor.TransactionInterceptor] is not eligible for getting processed by all BeanPostProcessors (for example: not eligible for auto-proxying)
2020-06-03 23:55:43 [ INFO ] [ org.springframework.context.support.PostProcessorRegistrationDelegate$BeanPostProcessorChecker ] Bean 'txAdviceAdvisor' of type [org.springframework.aop.support.DefaultPointcutAdvisor] is not eligible for getting processed by all BeanPostProcessors (for example: not eligible for auto-proxying)
2020-06-03 23:55:44 [ INFO ] [ org.springframework.boot.web.embedded.tomcat.TomcatWebServer ] Tomcat initialized with port(s): 7706 (http)
2020-06-03 23:55:44 [ INFO ] [ org.apache.coyote.http11.Http11NioProtocol ] Initializing ProtocolHandler ["http-nio-7706"]
2020-06-03 23:55:44 [ INFO ] [ org.apache.catalina.core.StandardService ] Starting service [Tomcat]
2020-06-03 23:55:44 [ INFO ] [ org.apache.catalina.core.StandardEngine ] Starting Servlet engine: [Apache Tomcat/9.0.35]
2020-06-03 23:55:44 [ INFO ] [ org.apache.catalina.core.ContainerBase.[Tomcat].[localhost].[/] ] Initializing Spring embedded WebApplicationContext
2020-06-03 23:55:44 [ INFO ] [ org.springframework.web.context.ContextLoader ] Root WebApplicationContext: initialization completed in 2487 ms
2020-06-03 23:55:46 [ INFO ] [ org.springframework.scheduling.concurrent.ThreadPoolTaskExecutor ] Initializing ExecutorService 'applicationTaskExecutor'
2020-06-03 23:55:47 [ INFO ] [ org.apache.coyote.http11.Http11NioProtocol ] Starting ProtocolHandler ["http-nio-7706"]
2020-06-03 23:55:47 [ INFO ] [ org.springframework.boot.web.embedded.tomcat.TomcatWebServer ] Tomcat started on port(s): 7706 (http) with context path ''
2020-06-03 23:55:47 [ INFO ] [ com.smarthome.AdminApplication ] Started AdminApplication in 7.311 seconds (JVM running for 9.721)
2020-06-03 23:55:47 [ INFO ] [ com.smarthome.lifecycle.ApplicationRunnerImpl ] 项目启动后首次执行
2020-06-03 23:55:47 [ INFO ] [ com.smarthome.AdminApplication ] 项目启动成功
