2020-06-05 22:35:56 [ INFO ] [ com.smarthome.AdminApplication ] Starting AdminApplication on lscdeMacBook-Pro.local with PID 840 (/Volumes/LSC/smarthome-admin/target/classes started by lsc in /Volumes/LSC/smarthome-admin)
2020-06-05 22:35:56 [ INFO ] [ com.smarthome.AdminApplication ] The following profiles are active: localhost
2020-06-05 22:35:57 [ INFO ] [ org.springframework.data.repository.config.RepositoryConfigurationDelegate ] Multiple Spring Data modules found, entering strict repository configuration mode!
2020-06-05 22:35:57 [ INFO ] [ org.springframework.data.repository.config.RepositoryConfigurationDelegate ] Bootstrapping Spring Data Redis repositories in DEFAULT mode.
2020-06-05 22:35:57 [ INFO ] [ org.springframework.data.repository.config.RepositoryConfigurationDelegate ] Finished Spring Data repository scanning in 24ms. Found 0 Redis repository interfaces.
2020-06-05 22:35:57 [ INFO ] [ org.springframework.context.support.PostProcessorRegistrationDelegate$BeanPostProcessorChecker ] Bean 'org.springframework.boot.autoconfigure.jdbc.DataSourceTransactionManagerAutoConfiguration$DataSourceTransactionManagerConfiguration' of type [org.springframework.boot.autoconfigure.jdbc.DataSourceTransactionManagerAutoConfiguration$DataSourceTransactionManagerConfiguration] is not eligible for getting processed by all BeanPostProcessors (for example: not eligible for auto-proxying)
2020-06-05 22:35:57 [ INFO ] [ org.springframework.context.support.PostProcessorRegistrationDelegate$BeanPostProcessorChecker ] Bean 'org.springframework.boot.autoconfigure.jdbc.DataSourceConfiguration$Hikari' of type [org.springframework.boot.autoconfigure.jdbc.DataSourceConfiguration$Hikari] is not eligible for getting processed by all BeanPostProcessors (for example: not eligible for auto-proxying)
2020-06-05 22:35:57 [ INFO ] [ org.springframework.context.support.PostProcessorRegistrationDelegate$BeanPostProcessorChecker ] Bean 'spring.datasource-org.springframework.boot.autoconfigure.jdbc.DataSourceProperties' of type [org.springframework.boot.autoconfigure.jdbc.DataSourceProperties] is not eligible for getting processed by all BeanPostProcessors (for example: not eligible for auto-proxying)
2020-06-05 22:35:57 [ INFO ] [ org.springframework.context.support.PostProcessorRegistrationDelegate$BeanPostProcessorChecker ] Bean 'dataSource' of type [com.zaxxer.hikari.HikariDataSource] is not eligible for getting processed by all BeanPostProcessors (for example: not eligible for auto-proxying)
2020-06-05 22:35:58 [ INFO ] [ org.springframework.context.support.PostProcessorRegistrationDelegate$BeanPostProcessorChecker ] Bean 'org.springframework.boot.autoconfigure.jdbc.DataSourceInitializerInvoker' of type [org.springframework.boot.autoconfigure.jdbc.DataSourceInitializerInvoker] is not eligible for getting processed by all BeanPostProcessors (for example: not eligible for auto-proxying)
2020-06-05 22:35:58 [ INFO ] [ org.springframework.context.support.PostProcessorRegistrationDelegate$BeanPostProcessorChecker ] Bean 'org.springframework.boot.autoconfigure.transaction.TransactionAutoConfiguration' of type [org.springframework.boot.autoconfigure.transaction.TransactionAutoConfiguration] is not eligible for getting processed by all BeanPostProcessors (for example: not eligible for auto-proxying)
2020-06-05 22:35:58 [ INFO ] [ org.springframework.context.support.PostProcessorRegistrationDelegate$BeanPostProcessorChecker ] Bean 'spring.transaction-org.springframework.boot.autoconfigure.transaction.TransactionProperties' of type [org.springframework.boot.autoconfigure.transaction.TransactionProperties] is not eligible for getting processed by all BeanPostProcessors (for example: not eligible for auto-proxying)
2020-06-05 22:35:58 [ INFO ] [ org.springframework.context.support.PostProcessorRegistrationDelegate$BeanPostProcessorChecker ] Bean 'platformTransactionManagerCustomizers' of type [org.springframework.boot.autoconfigure.transaction.TransactionManagerCustomizers] is not eligible for getting processed by all BeanPostProcessors (for example: not eligible for auto-proxying)
2020-06-05 22:35:58 [ INFO ] [ org.springframework.context.support.PostProcessorRegistrationDelegate$BeanPostProcessorChecker ] Bean 'transactionManager' of type [org.springframework.jdbc.datasource.DataSourceTransactionManager] is not eligible for getting processed by all BeanPostProcessors (for example: not eligible for auto-proxying)
2020-06-05 22:35:58 [ INFO ] [ org.springframework.context.support.PostProcessorRegistrationDelegate$BeanPostProcessorChecker ] Bean 'transactionManagerConfig' of type [com.smarthome.aop.TransactionManagerConfig$$EnhancerBySpringCGLIB$$b0d3dc5e] is not eligible for getting processed by all BeanPostProcessors (for example: not eligible for auto-proxying)
2020-06-05 22:35:58 [ INFO ] [ org.springframework.context.support.PostProcessorRegistrationDelegate$BeanPostProcessorChecker ] Bean 'txAdvice' of type [org.springframework.transaction.interceptor.TransactionInterceptor] is not eligible for getting processed by all BeanPostProcessors (for example: not eligible for auto-proxying)
2020-06-05 22:35:58 [ INFO ] [ org.springframework.context.support.PostProcessorRegistrationDelegate$BeanPostProcessorChecker ] Bean 'txAdviceAdvisor' of type [org.springframework.aop.support.DefaultPointcutAdvisor] is not eligible for getting processed by all BeanPostProcessors (for example: not eligible for auto-proxying)
2020-06-05 22:35:58 [ INFO ] [ org.springframework.boot.web.embedded.tomcat.TomcatWebServer ] Tomcat initialized with port(s): 7706 (http)
2020-06-05 22:35:58 [ INFO ] [ org.apache.coyote.http11.Http11NioProtocol ] Initializing ProtocolHandler ["http-nio-7706"]
2020-06-05 22:35:58 [ INFO ] [ org.apache.catalina.core.StandardService ] Starting service [Tomcat]
2020-06-05 22:35:58 [ INFO ] [ org.apache.catalina.core.StandardEngine ] Starting Servlet engine: [Apache Tomcat/9.0.35]
2020-06-05 22:35:58 [ INFO ] [ org.apache.catalina.core.ContainerBase.[Tomcat].[localhost].[/] ] Initializing Spring embedded WebApplicationContext
2020-06-05 22:35:58 [ INFO ] [ org.springframework.web.context.ContextLoader ] Root WebApplicationContext: initialization completed in 1446 ms
2020-06-05 22:35:59 [ INFO ] [ org.springframework.scheduling.concurrent.ThreadPoolTaskExecutor ] Initializing ExecutorService 'applicationTaskExecutor'
2020-06-05 22:36:00 [ INFO ] [ org.apache.coyote.http11.Http11NioProtocol ] Starting ProtocolHandler ["http-nio-7706"]
2020-06-05 22:36:00 [ INFO ] [ org.springframework.boot.web.embedded.tomcat.TomcatWebServer ] Tomcat started on port(s): 7706 (http) with context path ''
2020-06-05 22:36:00 [ INFO ] [ com.smarthome.AdminApplication ] Started AdminApplication in 3.361 seconds (JVM running for 4.261)
2020-06-05 22:36:00 [ INFO ] [ com.smarthome.lifecycle.ApplicationRunnerImpl ] 项目启动后首次执行
2020-06-05 22:36:00 [ INFO ] [ com.smarthome.AdminApplication ] 项目启动成功
2020-06-05 22:37:01 [ INFO ] [ org.apache.catalina.core.ContainerBase.[Tomcat].[localhost].[/] ] Initializing Spring DispatcherServlet 'dispatcherServlet'
2020-06-05 22:37:01 [ INFO ] [ org.springframework.web.servlet.DispatcherServlet ] Initializing Servlet 'dispatcherServlet'
2020-06-05 22:37:01 [ INFO ] [ org.springframework.web.servlet.DispatcherServlet ] Completed initialization in 10 ms
2020-06-05 22:37:01 [ INFO ] [ com.zaxxer.hikari.HikariDataSource ] Retail_HikariCP - Starting...
2020-06-05 22:37:02 [ INFO ] [ com.zaxxer.hikari.HikariDataSource ] Retail_HikariCP - Start completed.
2020-06-05 22:37:03 [ INFO ] [ com.smarthome.aop.EncodeResponseBodyAdvice ] .....加密返回参数开始.....
2020-06-05 22:37:03 [ INFO ] [ com.smarthome.aop.EncodeResponseBodyAdvice ] .....加密返回参数结束.....
2020-06-05 22:37:03 [ INFO ] [ com.smarthome.aop.EncodeResponseBodyAdvice ] 方法[myExceptionHandler]返回加密数据:
{"code":"1","message":"账号信息不存在"}
2020-06-05 22:37:41 [ INFO ] [ com.smarthome.aop.TimeInterceptor ] 方法login,请求耗时[493]毫秒
2020-06-05 22:37:41 [ INFO ] [ com.smarthome.aop.EncodeResponseBodyAdvice ] .....加密返回参数开始.....
2020-06-05 22:37:41 [ INFO ] [ com.smarthome.aop.EncodeResponseBodyAdvice ] .....加密返回参数结束.....
2020-06-05 22:37:41 [ INFO ] [ com.smarthome.aop.EncodeResponseBodyAdvice ] 方法[login]返回加密数据:
{"code":"0","data":{"nickName":"昵称","roleId":0,"token":"3e383aeb47ff4168b75f924501aae3cd","phone":"13051536595","account":"13051536595"},"message":"SUCCESS"}
2020-06-05 22:39:09 [ INFO ] [ org.springframework.scheduling.concurrent.ThreadPoolTaskExecutor ] Shutting down ExecutorService 'applicationTaskExecutor'
2020-06-05 22:39:09 [ INFO ] [ com.zaxxer.hikari.HikariDataSource ] Retail_HikariCP - Shutdown initiated...
2020-06-05 22:39:09 [ INFO ] [ com.zaxxer.hikari.HikariDataSource ] Retail_HikariCP - Shutdown completed.
