2020-06-29 22:15:35 [ INFO ] [ com.httd.api.AdminApplication ] Starting AdminApplication on lscdeMacBook-Pro.local with PID 11406 (/Volumes/LSC/recat-native/httd-api/target/classes started by lsc in /Volumes/LSC/recat-native/httd-api)
2020-06-29 22:15:35 [ INFO ] [ com.httd.api.AdminApplication ] The following profiles are active: localhost
2020-06-29 22:15:36 [ INFO ] [ org.springframework.data.repository.config.RepositoryConfigurationDelegate ] Multiple Spring Data modules found, entering strict repository configuration mode!
2020-06-29 22:15:36 [ INFO ] [ org.springframework.data.repository.config.RepositoryConfigurationDelegate ] Bootstrapping Spring Data Redis repositories in DEFAULT mode.
2020-06-29 22:15:36 [ INFO ] [ org.springframework.data.repository.config.RepositoryConfigurationDelegate ] Finished Spring Data repository scanning in 25ms. Found 0 Redis repository interfaces.
2020-06-29 22:15:37 [ INFO ] [ org.springframework.context.support.PostProcessorRegistrationDelegate$BeanPostProcessorChecker ] Bean 'org.springframework.boot.autoconfigure.jdbc.DataSourceTransactionManagerAutoConfiguration$DataSourceTransactionManagerConfiguration' of type [org.springframework.boot.autoconfigure.jdbc.DataSourceTransactionManagerAutoConfiguration$DataSourceTransactionManagerConfiguration] is not eligible for getting processed by all BeanPostProcessors (for example: not eligible for auto-proxying)
2020-06-29 22:15:37 [ INFO ] [ org.springframework.context.support.PostProcessorRegistrationDelegate$BeanPostProcessorChecker ] Bean 'org.springframework.boot.autoconfigure.jdbc.DataSourceConfiguration$Hikari' of type [org.springframework.boot.autoconfigure.jdbc.DataSourceConfiguration$Hikari] is not eligible for getting processed by all BeanPostProcessors (for example: not eligible for auto-proxying)
2020-06-29 22:15:37 [ INFO ] [ org.springframework.context.support.PostProcessorRegistrationDelegate$BeanPostProcessorChecker ] Bean 'spring.datasource-org.springframework.boot.autoconfigure.jdbc.DataSourceProperties' of type [org.springframework.boot.autoconfigure.jdbc.DataSourceProperties] is not eligible for getting processed by all BeanPostProcessors (for example: not eligible for auto-proxying)
2020-06-29 22:15:37 [ INFO ] [ org.springframework.context.support.PostProcessorRegistrationDelegate$BeanPostProcessorChecker ] Bean 'dataSource' of type [com.zaxxer.hikari.HikariDataSource] is not eligible for getting processed by all BeanPostProcessors (for example: not eligible for auto-proxying)
2020-06-29 22:15:37 [ INFO ] [ org.springframework.context.support.PostProcessorRegistrationDelegate$BeanPostProcessorChecker ] Bean 'org.springframework.boot.autoconfigure.jdbc.DataSourceInitializerInvoker' of type [org.springframework.boot.autoconfigure.jdbc.DataSourceInitializerInvoker] is not eligible for getting processed by all BeanPostProcessors (for example: not eligible for auto-proxying)
2020-06-29 22:15:37 [ INFO ] [ org.springframework.context.support.PostProcessorRegistrationDelegate$BeanPostProcessorChecker ] Bean 'org.springframework.boot.autoconfigure.transaction.TransactionAutoConfiguration' of type [org.springframework.boot.autoconfigure.transaction.TransactionAutoConfiguration] is not eligible for getting processed by all BeanPostProcessors (for example: not eligible for auto-proxying)
2020-06-29 22:15:37 [ INFO ] [ org.springframework.context.support.PostProcessorRegistrationDelegate$BeanPostProcessorChecker ] Bean 'spring.transaction-org.springframework.boot.autoconfigure.transaction.TransactionProperties' of type [org.springframework.boot.autoconfigure.transaction.TransactionProperties] is not eligible for getting processed by all BeanPostProcessors (for example: not eligible for auto-proxying)
2020-06-29 22:15:37 [ INFO ] [ org.springframework.context.support.PostProcessorRegistrationDelegate$BeanPostProcessorChecker ] Bean 'platformTransactionManagerCustomizers' of type [org.springframework.boot.autoconfigure.transaction.TransactionManagerCustomizers] is not eligible for getting processed by all BeanPostProcessors (for example: not eligible for auto-proxying)
2020-06-29 22:15:37 [ INFO ] [ org.springframework.context.support.PostProcessorRegistrationDelegate$BeanPostProcessorChecker ] Bean 'transactionManager' of type [org.springframework.jdbc.datasource.DataSourceTransactionManager] is not eligible for getting processed by all BeanPostProcessors (for example: not eligible for auto-proxying)
2020-06-29 22:15:37 [ INFO ] [ org.springframework.context.support.PostProcessorRegistrationDelegate$BeanPostProcessorChecker ] Bean 'transactionManagerConfig' of type [com.httd.api.aop.TransactionManagerConfig$$EnhancerBySpringCGLIB$$4f45969f] is not eligible for getting processed by all BeanPostProcessors (for example: not eligible for auto-proxying)
2020-06-29 22:15:37 [ INFO ] [ org.springframework.context.support.PostProcessorRegistrationDelegate$BeanPostProcessorChecker ] Bean 'txAdvice' of type [org.springframework.transaction.interceptor.TransactionInterceptor] is not eligible for getting processed by all BeanPostProcessors (for example: not eligible for auto-proxying)
2020-06-29 22:15:37 [ INFO ] [ org.springframework.context.support.PostProcessorRegistrationDelegate$BeanPostProcessorChecker ] Bean 'txAdviceAdvisor' of type [org.springframework.aop.support.DefaultPointcutAdvisor] is not eligible for getting processed by all BeanPostProcessors (for example: not eligible for auto-proxying)
2020-06-29 22:15:37 [ INFO ] [ org.springframework.boot.web.embedded.tomcat.TomcatWebServer ] Tomcat initialized with port(s): 7706 (http)
2020-06-29 22:15:37 [ INFO ] [ org.apache.coyote.http11.Http11NioProtocol ] Initializing ProtocolHandler ["http-nio-7706"]
2020-06-29 22:15:37 [ INFO ] [ org.apache.catalina.core.StandardService ] Starting service [Tomcat]
2020-06-29 22:15:37 [ INFO ] [ org.apache.catalina.core.StandardEngine ] Starting Servlet engine: [Apache Tomcat/9.0.35]
2020-06-29 22:15:37 [ INFO ] [ org.apache.catalina.core.ContainerBase.[Tomcat].[localhost].[/] ] Initializing Spring embedded WebApplicationContext
2020-06-29 22:15:37 [ INFO ] [ org.springframework.web.context.ContextLoader ] Root WebApplicationContext: initialization completed in 1637 ms
2020-06-29 22:15:39 [ INFO ] [ org.springframework.scheduling.concurrent.ThreadPoolTaskScheduler ] Initializing ExecutorService 'taskScheduler'
2020-06-29 22:15:39 [ INFO ] [ org.apache.coyote.http11.Http11NioProtocol ] Starting ProtocolHandler ["http-nio-7706"]
2020-06-29 22:15:39 [ INFO ] [ org.springframework.boot.web.embedded.tomcat.TomcatWebServer ] Tomcat started on port(s): 7706 (http) with context path ''
2020-06-29 22:15:39 [ INFO ] [ com.httd.api.AdminApplication ] Started AdminApplication in 3.859 seconds (JVM running for 5.515)
2020-06-29 22:15:39 [ INFO ] [ com.httd.api.lifecycle.ApplicationRunnerImpl ] 项目启动后首次执行
2020-06-29 22:15:39 [ INFO ] [ com.httd.api.AdminApplication ] 项目启动成功
2020-06-29 22:41:03 [ INFO ] [ org.apache.catalina.core.ContainerBase.[Tomcat].[localhost].[/] ] Initializing Spring DispatcherServlet 'dispatcherServlet'
2020-06-29 22:41:03 [ INFO ] [ org.springframework.web.servlet.DispatcherServlet ] Initializing Servlet 'dispatcherServlet'
2020-06-29 22:41:03 [ INFO ] [ org.springframework.web.servlet.DispatcherServlet ] Completed initialization in 11 ms
2020-06-29 22:41:03 [ INFO ] [ com.zaxxer.hikari.HikariDataSource ] Retail_HikariCP - Starting...
2020-06-29 22:41:05 [ INFO ] [ com.zaxxer.hikari.HikariDataSource ] Retail_HikariCP - Start completed.
2020-06-29 22:41:05 [ INFO ] [ com.httd.api.aop.TimeInterceptor ] 方法findHomeBannerList,请求耗时[1821]毫秒
2020-06-29 22:41:05 [ INFO ] [ com.httd.api.aop.EncodeResponseBodyAdvice ] .....加密返回参数开始.....
2020-06-29 22:41:05 [ INFO ] [ com.httd.api.aop.EncodeResponseBodyAdvice ] .....加密返回参数结束.....
2020-06-29 22:41:05 [ INFO ] [ com.httd.api.aop.TimeInterceptor ] 方法findHomeNoticeList,请求耗时[1831]毫秒
2020-06-29 22:41:05 [ INFO ] [ com.httd.api.aop.EncodeResponseBodyAdvice ] .....加密返回参数开始.....
2020-06-29 22:41:05 [ INFO ] [ com.httd.api.aop.EncodeResponseBodyAdvice ] .....加密返回参数结束.....
2020-06-29 22:41:05 [ INFO ] [ com.httd.api.aop.TimeInterceptor ] 方法findHomeMenuList,请求耗时[1844]毫秒
2020-06-29 22:41:05 [ INFO ] [ com.httd.api.aop.EncodeResponseBodyAdvice ] .....加密返回参数开始.....
2020-06-29 22:41:05 [ INFO ] [ com.httd.api.aop.EncodeResponseBodyAdvice ] .....加密返回参数结束.....
2020-06-29 22:41:05 [ INFO ] [ com.httd.api.aop.EncodeResponseBodyAdvice ] 方法[findHomeNoticeList]返回加密数据:
{"code":"0","data":[{"jumpType":0,"noticeTitle":"订单","noticeContent":"订单内容"}],"message":"SUCCESS"}
2020-06-29 22:41:05 [ INFO ] [ com.httd.api.aop.EncodeResponseBodyAdvice ] 方法[findHomeBannerList]返回加密数据:
{"code":"0","data":[{"jumpType":0,"imagePrefix":"https://file.httdmall.com/httd-api/","bannerName":"5","bannerImage":"banner/5.png"},{"jumpType":0,"imagePrefix":"https://file.httdmall.com/httd-api/","bannerName":"4","bannerImage":"banner/4.png"},{"jumpType":0,"imagePrefix":"https://file.httdmall.com/httd-api/","bannerName":"3","bannerImage":"banner/3.png"},{"jumpType":0,"imagePrefix":"https://file.httdmall.com/httd-api/","bannerName":"2","bannerImage":"banner/2.png"},{"jumpType":0,"imagePrefix":"https://file.httdmall.com/httd-api/","bannerName":"1","bannerImage":"banner/1.png"}],"message":"SUCCESS"}
2020-06-29 22:41:05 [ INFO ] [ com.httd.api.aop.EncodeResponseBodyAdvice ] 方法[findHomeMenuList]返回加密数据:
{"code":"0","data":[{"jumpType":"0","imagePrefix":"https://file.httdmall.com/httd-api/","menuName":"10","menuImage":"menu/10.png"},{"jumpType":"0","imagePrefix":"https://file.httdmall.com/httd-api/","menuName":"9","menuImage":"menu/9.png"},{"jumpType":"0","imagePrefix":"https://file.httdmall.com/httd-api/","menuName":"8","menuImage":"menu/8.png"},{"jumpType":"0","imagePrefix":"https://file.httdmall.com/httd-api/","menuName":"7","menuImage":"menu/7.png"},{"jumpType":"0","imagePrefix":"https://file.httdmall.com/httd-api/","menuName":"6","menuImage":"menu/6.png"},{"jumpType":"0","imagePrefix":"https://file.httdmall.com/httd-api/","menuName":"5","menuImage":"menu/5.png"},{"jumpType":"0","imagePrefix":"https://file.httdmall.com/httd-api/","menuName":"4","menuImage":"menu/4.png"},{"jumpType":"0","imagePrefix":"https://file.httdmall.com/httd-api/","menuName":"3","menuImage":"menu/3.png"},{"jumpType":"0","imagePrefix":"https://file.httdmall.com/httd-api/","menuName":"2","menuImage":"menu/2.png"},{"jumpType":"0","imagePrefix":"https://file.httdmall.com/httd-api/","menuName":"1","menuImage":"menu/1.png"}],"message":"SUCCESS"}
2020-06-29 22:41:05 [ INFO ] [ com.httd.api.aop.TimeInterceptor ] 方法findHomeRecommendList,请求耗时[1860]毫秒
2020-06-29 22:41:05 [ INFO ] [ com.httd.api.aop.EncodeResponseBodyAdvice ] .....加密返回参数开始.....
2020-06-29 22:41:05 [ INFO ] [ com.httd.api.aop.EncodeResponseBodyAdvice ] .....加密返回参数结束.....
2020-06-29 22:41:05 [ INFO ] [ com.httd.api.aop.EncodeResponseBodyAdvice ] 方法[findHomeRecommendList]返回加密数据:
{"code":"0","data":[{"jumpType":0,"recommendImage":"recommend/1.png","imagePrefix":"https://file.httdmall.com/httd-api/","recommendName":"推荐1"},{"jumpType":0,"recommendImage":"recommend/2.png","imagePrefix":"https://file.httdmall.com/httd-api/","recommendName":"推荐2"},{"jumpType":0,"recommendImage":"recommend/3.png","imagePrefix":"https://file.httdmall.com/httd-api/","recommendName":"推荐3"},{"jumpType":0,"recommendImage":"recommend/4.png","imagePrefix":"https://file.httdmall.com/httd-api/","recommendName":"推荐4"},{"jumpType":0,"recommendImage":"recommend/5.png","imagePrefix":"https://file.httdmall.com/httd-api/","recommendName":"推荐5"},{"jumpType":0,"recommendImage":"recommend/6.png","imagePrefix":"https://file.httdmall.com/httd-api/","recommendName":"推荐6"},{"jumpType":0,"recommendImage":"recommend/7.png","imagePrefix":"https://file.httdmall.com/httd-api/","recommendName":"推荐7"},{"jumpType":0,"recommendImage":"recommend/8.png","imagePrefix":"https://file.httdmall.com/httd-api/","recommendName":"推荐8"},{"jumpType":0,"recommendImage":"recommend/9.png","imagePrefix":"https://file.httdmall.com/httd-api/","recommendName":"推荐9"},{"jumpType":0,"recommendImage":"recommend/10.png","imagePrefix":"https://file.httdmall.com/httd-api/","recommendName":"推荐10"}],"message":"SUCCESS"}
2020-06-29 23:04:05 [ INFO ] [ org.springframework.scheduling.concurrent.ThreadPoolTaskScheduler ] Shutting down ExecutorService 'taskScheduler'
2020-06-29 23:04:05 [ INFO ] [ com.zaxxer.hikari.HikariDataSource ] Retail_HikariCP - Shutdown initiated...
2020-06-29 23:04:05 [ INFO ] [ com.zaxxer.hikari.HikariDataSource ] Retail_HikariCP - Shutdown completed.
