2020-06-14 18:10:26 [ INFO ] [ com.smarthome.AdminApplication ] Starting AdminApplication on lscdeMacBook-Pro.local with PID 2551 (/Volumes/LSC/smarthome-admin/target/classes started by lsc in /Volumes/LSC/smarthome-admin)
2020-06-14 18:10:26 [ INFO ] [ com.smarthome.AdminApplication ] The following profiles are active: localhost
2020-06-14 18:10:26 [ INFO ] [ org.springframework.data.repository.config.RepositoryConfigurationDelegate ] Multiple Spring Data modules found, entering strict repository configuration mode!
2020-06-14 18:10:26 [ INFO ] [ org.springframework.data.repository.config.RepositoryConfigurationDelegate ] Bootstrapping Spring Data Redis repositories in DEFAULT mode.
2020-06-14 18:10:26 [ INFO ] [ org.springframework.data.repository.config.RepositoryConfigurationDelegate ] Finished Spring Data repository scanning in 26ms. Found 0 Redis repository interfaces.
2020-06-14 18:10:27 [ INFO ] [ org.springframework.context.support.PostProcessorRegistrationDelegate$BeanPostProcessorChecker ] Bean 'org.springframework.boot.autoconfigure.jdbc.DataSourceTransactionManagerAutoConfiguration$DataSourceTransactionManagerConfiguration' of type [org.springframework.boot.autoconfigure.jdbc.DataSourceTransactionManagerAutoConfiguration$DataSourceTransactionManagerConfiguration] is not eligible for getting processed by all BeanPostProcessors (for example: not eligible for auto-proxying)
2020-06-14 18:10:27 [ INFO ] [ org.springframework.context.support.PostProcessorRegistrationDelegate$BeanPostProcessorChecker ] Bean 'org.springframework.boot.autoconfigure.jdbc.DataSourceConfiguration$Hikari' of type [org.springframework.boot.autoconfigure.jdbc.DataSourceConfiguration$Hikari] is not eligible for getting processed by all BeanPostProcessors (for example: not eligible for auto-proxying)
2020-06-14 18:10:27 [ INFO ] [ org.springframework.context.support.PostProcessorRegistrationDelegate$BeanPostProcessorChecker ] Bean 'spring.datasource-org.springframework.boot.autoconfigure.jdbc.DataSourceProperties' of type [org.springframework.boot.autoconfigure.jdbc.DataSourceProperties] is not eligible for getting processed by all BeanPostProcessors (for example: not eligible for auto-proxying)
2020-06-14 18:10:27 [ INFO ] [ org.springframework.context.support.PostProcessorRegistrationDelegate$BeanPostProcessorChecker ] Bean 'dataSource' of type [com.zaxxer.hikari.HikariDataSource] is not eligible for getting processed by all BeanPostProcessors (for example: not eligible for auto-proxying)
2020-06-14 18:10:27 [ INFO ] [ org.springframework.context.support.PostProcessorRegistrationDelegate$BeanPostProcessorChecker ] Bean 'org.springframework.boot.autoconfigure.jdbc.DataSourceInitializerInvoker' of type [org.springframework.boot.autoconfigure.jdbc.DataSourceInitializerInvoker] is not eligible for getting processed by all BeanPostProcessors (for example: not eligible for auto-proxying)
2020-06-14 18:10:27 [ INFO ] [ org.springframework.context.support.PostProcessorRegistrationDelegate$BeanPostProcessorChecker ] Bean 'org.springframework.boot.autoconfigure.transaction.TransactionAutoConfiguration' of type [org.springframework.boot.autoconfigure.transaction.TransactionAutoConfiguration] is not eligible for getting processed by all BeanPostProcessors (for example: not eligible for auto-proxying)
2020-06-14 18:10:27 [ INFO ] [ org.springframework.context.support.PostProcessorRegistrationDelegate$BeanPostProcessorChecker ] Bean 'spring.transaction-org.springframework.boot.autoconfigure.transaction.TransactionProperties' of type [org.springframework.boot.autoconfigure.transaction.TransactionProperties] is not eligible for getting processed by all BeanPostProcessors (for example: not eligible for auto-proxying)
2020-06-14 18:10:27 [ INFO ] [ org.springframework.context.support.PostProcessorRegistrationDelegate$BeanPostProcessorChecker ] Bean 'platformTransactionManagerCustomizers' of type [org.springframework.boot.autoconfigure.transaction.TransactionManagerCustomizers] is not eligible for getting processed by all BeanPostProcessors (for example: not eligible for auto-proxying)
2020-06-14 18:10:27 [ INFO ] [ org.springframework.context.support.PostProcessorRegistrationDelegate$BeanPostProcessorChecker ] Bean 'transactionManager' of type [org.springframework.jdbc.datasource.DataSourceTransactionManager] is not eligible for getting processed by all BeanPostProcessors (for example: not eligible for auto-proxying)
2020-06-14 18:10:27 [ INFO ] [ org.springframework.context.support.PostProcessorRegistrationDelegate$BeanPostProcessorChecker ] Bean 'transactionManagerConfig' of type [com.smarthome.aop.TransactionManagerConfig$$EnhancerBySpringCGLIB$$d722a61d] is not eligible for getting processed by all BeanPostProcessors (for example: not eligible for auto-proxying)
2020-06-14 18:10:27 [ INFO ] [ org.springframework.context.support.PostProcessorRegistrationDelegate$BeanPostProcessorChecker ] Bean 'txAdvice' of type [org.springframework.transaction.interceptor.TransactionInterceptor] is not eligible for getting processed by all BeanPostProcessors (for example: not eligible for auto-proxying)
2020-06-14 18:10:27 [ INFO ] [ org.springframework.context.support.PostProcessorRegistrationDelegate$BeanPostProcessorChecker ] Bean 'txAdviceAdvisor' of type [org.springframework.aop.support.DefaultPointcutAdvisor] is not eligible for getting processed by all BeanPostProcessors (for example: not eligible for auto-proxying)
2020-06-14 18:10:27 [ INFO ] [ org.springframework.boot.web.embedded.tomcat.TomcatWebServer ] Tomcat initialized with port(s): 7706 (http)
2020-06-14 18:10:27 [ INFO ] [ org.apache.coyote.http11.Http11NioProtocol ] Initializing ProtocolHandler ["http-nio-7706"]
2020-06-14 18:10:27 [ INFO ] [ org.apache.catalina.core.StandardService ] Starting service [Tomcat]
2020-06-14 18:10:27 [ INFO ] [ org.apache.catalina.core.StandardEngine ] Starting Servlet engine: [Apache Tomcat/9.0.35]
2020-06-14 18:10:27 [ INFO ] [ org.apache.catalina.core.ContainerBase.[Tomcat].[localhost].[/] ] Initializing Spring embedded WebApplicationContext
2020-06-14 18:10:27 [ INFO ] [ org.springframework.web.context.ContextLoader ] Root WebApplicationContext: initialization completed in 1466 ms
2020-06-14 18:10:28 [ WARN ] [ com.baomidou.mybatisplus.core.metadata.TableInfoHelper ] Warn: Could not find @TableId in Class: com.smarthome.mapper.po.DeviceControlLog.
2020-06-14 18:10:28 [ WARN ] [ com.baomidou.mybatisplus.core.metadata.TableInfoHelper ] Warn: Could not find @TableId in Class: com.smarthome.mapper.po.Device.
2020-06-14 18:10:28 [ WARN ] [ com.baomidou.mybatisplus.core.metadata.TableInfoHelper ] Warn: Could not find @TableId in Class: com.smarthome.mapper.po.Gateway.
2020-06-14 18:10:29 [ INFO ] [ org.springframework.scheduling.concurrent.ThreadPoolTaskScheduler ] Initializing ExecutorService 'taskScheduler'
2020-06-14 18:10:29 [ INFO ] [ org.apache.coyote.http11.Http11NioProtocol ] Starting ProtocolHandler ["http-nio-7706"]
2020-06-14 18:10:29 [ INFO ] [ org.springframework.boot.web.embedded.tomcat.TomcatWebServer ] Tomcat started on port(s): 7706 (http) with context path ''
2020-06-14 18:10:29 [ INFO ] [ com.smarthome.AdminApplication ] Started AdminApplication in 3.609 seconds (JVM running for 4.632)
2020-06-14 18:10:29 [ INFO ] [ com.smarthome.lifecycle.ApplicationRunnerImpl ] 项目启动后首次执行
2020-06-14 18:10:29 [ INFO ] [ com.smarthome.AdminApplication ] 项目启动成功
2020-06-14 18:10:37 [ INFO ] [ org.springframework.scheduling.concurrent.ThreadPoolTaskScheduler ] Shutting down ExecutorService 'taskScheduler'
