2020-06-16 00:05:01 [ INFO ] [ com.smarthome.AdminApplication ] Starting AdminApplication on lscdeMacBook-Pro.local with PID 10681 (/Volumes/LSC/smarthome-admin/target/classes started by lsc in /Volumes/LSC/smarthome-admin)
2020-06-16 00:05:01 [ INFO ] [ com.smarthome.AdminApplication ] The following profiles are active: localhost
2020-06-16 00:05:02 [ INFO ] [ org.springframework.data.repository.config.RepositoryConfigurationDelegate ] Multiple Spring Data modules found, entering strict repository configuration mode!
2020-06-16 00:05:02 [ INFO ] [ org.springframework.data.repository.config.RepositoryConfigurationDelegate ] Bootstrapping Spring Data Redis repositories in DEFAULT mode.
2020-06-16 00:05:02 [ INFO ] [ org.springframework.data.repository.config.RepositoryConfigurationDelegate ] Finished Spring Data repository scanning in 25ms. Found 0 Redis repository interfaces.
2020-06-16 00:05:02 [ INFO ] [ org.springframework.context.support.PostProcessorRegistrationDelegate$BeanPostProcessorChecker ] Bean 'org.springframework.boot.autoconfigure.jdbc.DataSourceTransactionManagerAutoConfiguration$DataSourceTransactionManagerConfiguration' of type [org.springframework.boot.autoconfigure.jdbc.DataSourceTransactionManagerAutoConfiguration$DataSourceTransactionManagerConfiguration] is not eligible for getting processed by all BeanPostProcessors (for example: not eligible for auto-proxying)
2020-06-16 00:05:02 [ INFO ] [ org.springframework.context.support.PostProcessorRegistrationDelegate$BeanPostProcessorChecker ] Bean 'org.springframework.boot.autoconfigure.jdbc.DataSourceConfiguration$Hikari' of type [org.springframework.boot.autoconfigure.jdbc.DataSourceConfiguration$Hikari] is not eligible for getting processed by all BeanPostProcessors (for example: not eligible for auto-proxying)
2020-06-16 00:05:02 [ INFO ] [ org.springframework.context.support.PostProcessorRegistrationDelegate$BeanPostProcessorChecker ] Bean 'spring.datasource-org.springframework.boot.autoconfigure.jdbc.DataSourceProperties' of type [org.springframework.boot.autoconfigure.jdbc.DataSourceProperties] is not eligible for getting processed by all BeanPostProcessors (for example: not eligible for auto-proxying)
2020-06-16 00:05:02 [ INFO ] [ org.springframework.context.support.PostProcessorRegistrationDelegate$BeanPostProcessorChecker ] Bean 'dataSource' of type [com.zaxxer.hikari.HikariDataSource] is not eligible for getting processed by all BeanPostProcessors (for example: not eligible for auto-proxying)
2020-06-16 00:05:02 [ INFO ] [ org.springframework.context.support.PostProcessorRegistrationDelegate$BeanPostProcessorChecker ] Bean 'org.springframework.boot.autoconfigure.jdbc.DataSourceInitializerInvoker' of type [org.springframework.boot.autoconfigure.jdbc.DataSourceInitializerInvoker] is not eligible for getting processed by all BeanPostProcessors (for example: not eligible for auto-proxying)
2020-06-16 00:05:02 [ INFO ] [ org.springframework.context.support.PostProcessorRegistrationDelegate$BeanPostProcessorChecker ] Bean 'org.springframework.boot.autoconfigure.transaction.TransactionAutoConfiguration' of type [org.springframework.boot.autoconfigure.transaction.TransactionAutoConfiguration] is not eligible for getting processed by all BeanPostProcessors (for example: not eligible for auto-proxying)
2020-06-16 00:05:02 [ INFO ] [ org.springframework.context.support.PostProcessorRegistrationDelegate$BeanPostProcessorChecker ] Bean 'spring.transaction-org.springframework.boot.autoconfigure.transaction.TransactionProperties' of type [org.springframework.boot.autoconfigure.transaction.TransactionProperties] is not eligible for getting processed by all BeanPostProcessors (for example: not eligible for auto-proxying)
2020-06-16 00:05:02 [ INFO ] [ org.springframework.context.support.PostProcessorRegistrationDelegate$BeanPostProcessorChecker ] Bean 'platformTransactionManagerCustomizers' of type [org.springframework.boot.autoconfigure.transaction.TransactionManagerCustomizers] is not eligible for getting processed by all BeanPostProcessors (for example: not eligible for auto-proxying)
2020-06-16 00:05:02 [ INFO ] [ org.springframework.context.support.PostProcessorRegistrationDelegate$BeanPostProcessorChecker ] Bean 'transactionManager' of type [org.springframework.jdbc.datasource.DataSourceTransactionManager] is not eligible for getting processed by all BeanPostProcessors (for example: not eligible for auto-proxying)
2020-06-16 00:05:02 [ INFO ] [ org.springframework.context.support.PostProcessorRegistrationDelegate$BeanPostProcessorChecker ] Bean 'transactionManagerConfig' of type [com.smarthome.aop.TransactionManagerConfig$$EnhancerBySpringCGLIB$$940f7164] is not eligible for getting processed by all BeanPostProcessors (for example: not eligible for auto-proxying)
2020-06-16 00:05:02 [ INFO ] [ org.springframework.context.support.PostProcessorRegistrationDelegate$BeanPostProcessorChecker ] Bean 'txAdvice' of type [org.springframework.transaction.interceptor.TransactionInterceptor] is not eligible for getting processed by all BeanPostProcessors (for example: not eligible for auto-proxying)
2020-06-16 00:05:02 [ INFO ] [ org.springframework.context.support.PostProcessorRegistrationDelegate$BeanPostProcessorChecker ] Bean 'txAdviceAdvisor' of type [org.springframework.aop.support.DefaultPointcutAdvisor] is not eligible for getting processed by all BeanPostProcessors (for example: not eligible for auto-proxying)
2020-06-16 00:05:03 [ INFO ] [ org.springframework.boot.web.embedded.tomcat.TomcatWebServer ] Tomcat initialized with port(s): 7706 (http)
2020-06-16 00:05:03 [ INFO ] [ org.apache.coyote.http11.Http11NioProtocol ] Initializing ProtocolHandler ["http-nio-7706"]
2020-06-16 00:05:03 [ INFO ] [ org.apache.catalina.core.StandardService ] Starting service [Tomcat]
2020-06-16 00:05:03 [ INFO ] [ org.apache.catalina.core.StandardEngine ] Starting Servlet engine: [Apache Tomcat/9.0.35]
2020-06-16 00:05:03 [ INFO ] [ org.apache.catalina.core.ContainerBase.[Tomcat].[localhost].[/] ] Initializing Spring embedded WebApplicationContext
2020-06-16 00:05:03 [ INFO ] [ org.springframework.web.context.ContextLoader ] Root WebApplicationContext: initialization completed in 1654 ms
2020-06-16 00:05:03 [ WARN ] [ com.baomidou.mybatisplus.core.metadata.TableInfoHelper ] Warn: Could not find @TableId in Class: com.smarthome.mapper.po.DeviceControlLog.
2020-06-16 00:05:03 [ WARN ] [ com.baomidou.mybatisplus.core.metadata.TableInfoHelper ] Warn: Could not find @TableId in Class: com.smarthome.mapper.po.Device.
2020-06-16 00:05:03 [ WARN ] [ com.baomidou.mybatisplus.core.metadata.TableInfoHelper ] Warn: Could not find @TableId in Class: com.smarthome.mapper.po.Gateway.
2020-06-16 00:05:04 [ INFO ] [ org.springframework.scheduling.concurrent.ThreadPoolTaskScheduler ] Initializing ExecutorService 'taskScheduler'
2020-06-16 00:05:04 [ INFO ] [ org.apache.coyote.http11.Http11NioProtocol ] Starting ProtocolHandler ["http-nio-7706"]
2020-06-16 00:05:05 [ INFO ] [ org.springframework.boot.web.embedded.tomcat.TomcatWebServer ] Tomcat started on port(s): 7706 (http) with context path ''
2020-06-16 00:05:05 [ INFO ] [ com.smarthome.AdminApplication ] Started AdminApplication in 3.992 seconds (JVM running for 5.743)
2020-06-16 00:05:05 [ INFO ] [ com.smarthome.lifecycle.ApplicationRunnerImpl ] 项目启动后首次执行
2020-06-16 00:05:05 [ INFO ] [ com.smarthome.AdminApplication ] 项目启动成功
2020-06-16 00:05:22 [ INFO ] [ org.apache.catalina.core.ContainerBase.[Tomcat].[localhost].[/] ] Initializing Spring DispatcherServlet 'dispatcherServlet'
2020-06-16 00:05:22 [ INFO ] [ org.springframework.web.servlet.DispatcherServlet ] Initializing Servlet 'dispatcherServlet'
2020-06-16 00:05:22 [ INFO ] [ org.springframework.web.servlet.DispatcherServlet ] Completed initialization in 11 ms
2020-06-16 00:05:22 [ INFO ] [ com.smarthome.aop.DecodeRequestBodyAdvice ] 获取用户的token:e0828cc19afb4b71952c822d28f3cc06
2020-06-16 00:05:22 [ INFO ] [ com.smarthome.aop.DecodeRequestBodyAdvice ] .....解密入参开始.....
2020-06-16 00:05:22 [ INFO ] [ com.smarthome.aop.DecodeRequestBodyAdvice ] .....解密入参结束.....
2020-06-16 00:05:22 [ INFO ] [ com.smarthome.aop.DecodeRequestBodyAdvice ] 方法[findDeviceList]读取处理后请求的数据:
{"uniqueCode16":"","userId":"","deviceId":"","token":"e0828cc19afb4b71952c822d28f3cc06","productCode":"","page":{"indexNo":0,"totalNo":0,"pageSize":1,"pageNo":1,"success":true},"account":"","gatewayId":""}
2020-06-16 00:05:23 [ INFO ] [ com.zaxxer.hikari.HikariDataSource ] Retail_HikariCP - Starting...
2020-06-16 00:05:23 [ INFO ] [ com.zaxxer.hikari.HikariDataSource ] Retail_HikariCP - Start completed.
2020-06-16 00:05:23 [ ERROR ] [ com.smarthome.aop.ExceptionAdvice ] 
### Error querying database.  Cause: java.sql.SQLSyntaxErrorException: You have an error in your SQL syntax; check the manual that corresponds to your MySQL server version for the right syntax to use near 'tu.user_id as userId,tu.phone,if(tu.user_type=0,tua.account,tua.account) as acco' at line 2
### The error may exist in file [/Volumes/LSC/smarthome-admin/target/classes/mapper/DeviceMapper.xml]
### The error may involve com.smarthome.mapper.DeviceMapper.findDeviceList-Inline
### The error occurred while setting parameters
### SQL: select td.device_id as deviceId,td.device_name as deviceName,td.remark AS deviceRemark         tu.user_id as userId,tu.phone,if(tu.user_type=0,tua.account,tua.account) as account,         tg.unique_code_16 as uniqueCode16,tg.gateway_id as gatewayId,tp.product_code as productCode         from t_device td         LEFT JOIN t_product tp ON td.product_id =tp.product_id         LEFT JOIN t_gateway tg ON tp.gateway_id =tg.gateway_id         LEFT JOIN t_user tu ON tg.user_id = tu.user_id         LEFT JOIN t_user_account tua ON tu.user_id = tua.user_id and  tu.user_type =0         LEFT JOIN t_sub_user_account tsua ON tsua.user_id =  tu.user_id  and  tu.user_type =1                    limit ?,?
### Cause: java.sql.SQLSyntaxErrorException: You have an error in your SQL syntax; check the manual that corresponds to your MySQL server version for the right syntax to use near 'tu.user_id as userId,tu.phone,if(tu.user_type=0,tua.account,tua.account) as acco' at line 2
; bad SQL grammar []; nested exception is java.sql.SQLSyntaxErrorException: You have an error in your SQL syntax; check the manual that corresponds to your MySQL server version for the right syntax to use near 'tu.user_id as userId,tu.phone,if(tu.user_type=0,tua.account,tua.account) as acco' at line 2
org.springframework.jdbc.BadSqlGrammarException: 
### Error querying database.  Cause: java.sql.SQLSyntaxErrorException: You have an error in your SQL syntax; check the manual that corresponds to your MySQL server version for the right syntax to use near 'tu.user_id as userId,tu.phone,if(tu.user_type=0,tua.account,tua.account) as acco' at line 2
### The error may exist in file [/Volumes/LSC/smarthome-admin/target/classes/mapper/DeviceMapper.xml]
### The error may involve com.smarthome.mapper.DeviceMapper.findDeviceList-Inline
### The error occurred while setting parameters
### SQL: select td.device_id as deviceId,td.device_name as deviceName,td.remark AS deviceRemark         tu.user_id as userId,tu.phone,if(tu.user_type=0,tua.account,tua.account) as account,         tg.unique_code_16 as uniqueCode16,tg.gateway_id as gatewayId,tp.product_code as productCode         from t_device td         LEFT JOIN t_product tp ON td.product_id =tp.product_id         LEFT JOIN t_gateway tg ON tp.gateway_id =tg.gateway_id         LEFT JOIN t_user tu ON tg.user_id = tu.user_id         LEFT JOIN t_user_account tua ON tu.user_id = tua.user_id and  tu.user_type =0         LEFT JOIN t_sub_user_account tsua ON tsua.user_id =  tu.user_id  and  tu.user_type =1                    limit ?,?
### Cause: java.sql.SQLSyntaxErrorException: You have an error in your SQL syntax; check the manual that corresponds to your MySQL server version for the right syntax to use near 'tu.user_id as userId,tu.phone,if(tu.user_type=0,tua.account,tua.account) as acco' at line 2
; bad SQL grammar []; nested exception is java.sql.SQLSyntaxErrorException: You have an error in your SQL syntax; check the manual that corresponds to your MySQL server version for the right syntax to use near 'tu.user_id as userId,tu.phone,if(tu.user_type=0,tua.account,tua.account) as acco' at line 2
	at org.springframework.jdbc.support.SQLErrorCodeSQLExceptionTranslator.doTranslate(SQLErrorCodeSQLExceptionTranslator.java:235) ~[spring-jdbc-5.2.6.RELEASE.jar:5.2.6.RELEASE]
	at org.springframework.jdbc.support.AbstractFallbackSQLExceptionTranslator.translate(AbstractFallbackSQLExceptionTranslator.java:72) ~[spring-jdbc-5.2.6.RELEASE.jar:5.2.6.RELEASE]
	at org.mybatis.spring.MyBatisExceptionTranslator.translateExceptionIfPossible(MyBatisExceptionTranslator.java:88) ~[mybatis-spring-2.0.3.jar:2.0.3]
	at org.mybatis.spring.SqlSessionTemplate$SqlSessionInterceptor.invoke(SqlSessionTemplate.java:440) ~[mybatis-spring-2.0.3.jar:2.0.3]
	at com.sun.proxy.$Proxy99.selectList(Unknown Source) ~[?:?]
	at org.mybatis.spring.SqlSessionTemplate.selectList(SqlSessionTemplate.java:223) ~[mybatis-spring-2.0.3.jar:2.0.3]
	at com.baomidou.mybatisplus.core.override.MybatisMapperMethod.executeForMany(MybatisMapperMethod.java:177) ~[mybatis-plus-core-3.3.1.tmp.jar:3.3.1.tmp]
	at com.baomidou.mybatisplus.core.override.MybatisMapperMethod.execute(MybatisMapperMethod.java:78) ~[mybatis-plus-core-3.3.1.tmp.jar:3.3.1.tmp]
	at com.baomidou.mybatisplus.core.override.MybatisMapperProxy.invoke(MybatisMapperProxy.java:96) ~[mybatis-plus-core-3.3.1.tmp.jar:3.3.1.tmp]
	at com.sun.proxy.$Proxy109.findDeviceList(Unknown Source) ~[?:?]
	at com.smarthome.admin.device.service.impl.DeviceServiceImpl.findDeviceList(DeviceServiceImpl.java:46) ~[classes/:?]
	at com.smarthome.admin.device.service.impl.DeviceServiceImpl$$FastClassBySpringCGLIB$$a978a4f0.invoke(<generated>) ~[classes/:?]
	at org.springframework.cglib.proxy.MethodProxy.invoke(MethodProxy.java:218) ~[spring-core-5.2.6.RELEASE.jar:5.2.6.RELEASE]
	at org.springframework.aop.framework.CglibAopProxy$CglibMethodInvocation.invokeJoinpoint(CglibAopProxy.java:771) ~[spring-aop-5.2.6.RELEASE.jar:5.2.6.RELEASE]
	at org.springframework.aop.framework.ReflectiveMethodInvocation.proceed(ReflectiveMethodInvocation.java:163) ~[spring-aop-5.2.6.RELEASE.jar:5.2.6.RELEASE]
	at org.springframework.aop.framework.CglibAopProxy$CglibMethodInvocation.proceed(CglibAopProxy.java:749) ~[spring-aop-5.2.6.RELEASE.jar:5.2.6.RELEASE]
	at org.springframework.transaction.interceptor.TransactionAspectSupport.invokeWithinTransaction(TransactionAspectSupport.java:366) ~[spring-tx-5.2.6.RELEASE.jar:5.2.6.RELEASE]
	at org.springframework.transaction.interceptor.TransactionInterceptor.invoke(TransactionInterceptor.java:118) ~[spring-tx-5.2.6.RELEASE.jar:5.2.6.RELEASE]
	at org.springframework.aop.framework.ReflectiveMethodInvocation.proceed(ReflectiveMethodInvocation.java:186) ~[spring-aop-5.2.6.RELEASE.jar:5.2.6.RELEASE]
	at org.springframework.aop.framework.CglibAopProxy$CglibMethodInvocation.proceed(CglibAopProxy.java:749) ~[spring-aop-5.2.6.RELEASE.jar:5.2.6.RELEASE]
	at org.springframework.aop.interceptor.ExposeInvocationInterceptor.invoke(ExposeInvocationInterceptor.java:95) ~[spring-aop-5.2.6.RELEASE.jar:5.2.6.RELEASE]
	at org.springframework.aop.framework.ReflectiveMethodInvocation.proceed(ReflectiveMethodInvocation.java:186) ~[spring-aop-5.2.6.RELEASE.jar:5.2.6.RELEASE]
	at org.springframework.aop.framework.CglibAopProxy$CglibMethodInvocation.proceed(CglibAopProxy.java:749) ~[spring-aop-5.2.6.RELEASE.jar:5.2.6.RELEASE]
	at org.springframework.aop.framework.CglibAopProxy$DynamicAdvisedInterceptor.intercept(CglibAopProxy.java:691) ~[spring-aop-5.2.6.RELEASE.jar:5.2.6.RELEASE]
	at com.smarthome.admin.device.service.impl.DeviceServiceImpl$$EnhancerBySpringCGLIB$$452d369e.findDeviceList(<generated>) ~[classes/:?]
	at com.smarthome.admin.device.controller.DeviceController.findDeviceList(DeviceController.java:41) ~[classes/:?]
	at com.smarthome.admin.device.controller.DeviceController$$FastClassBySpringCGLIB$$116b50be.invoke(<generated>) ~[classes/:?]
	at org.springframework.cglib.proxy.MethodProxy.invoke(MethodProxy.java:218) ~[spring-core-5.2.6.RELEASE.jar:5.2.6.RELEASE]
	at org.springframework.aop.framework.CglibAopProxy$CglibMethodInvocation.invokeJoinpoint(CglibAopProxy.java:771) ~[spring-aop-5.2.6.RELEASE.jar:5.2.6.RELEASE]
	at org.springframework.aop.framework.ReflectiveMethodInvocation.proceed(ReflectiveMethodInvocation.java:163) ~[spring-aop-5.2.6.RELEASE.jar:5.2.6.RELEASE]
	at org.springframework.aop.framework.CglibAopProxy$CglibMethodInvocation.proceed(CglibAopProxy.java:749) ~[spring-aop-5.2.6.RELEASE.jar:5.2.6.RELEASE]
	at org.springframework.aop.aspectj.MethodInvocationProceedingJoinPoint.proceed(MethodInvocationProceedingJoinPoint.java:100) ~[spring-aop-5.2.6.RELEASE.jar:5.2.6.RELEASE]
	at com.smarthome.aop.TimeInterceptor.timeAround(TimeInterceptor.java:19) ~[classes/:?]
	at sun.reflect.NativeMethodAccessorImpl.invoke0(Native Method) ~[?:1.8.0_201]
	at sun.reflect.NativeMethodAccessorImpl.invoke(NativeMethodAccessorImpl.java:62) ~[?:1.8.0_201]
	at sun.reflect.DelegatingMethodAccessorImpl.invoke(DelegatingMethodAccessorImpl.java:43) ~[?:1.8.0_201]
	at java.lang.reflect.Method.invoke(Method.java:498) ~[?:1.8.0_201]
	at org.springframework.aop.aspectj.AbstractAspectJAdvice.invokeAdviceMethodWithGivenArgs(AbstractAspectJAdvice.java:644) ~[spring-aop-5.2.6.RELEASE.jar:5.2.6.RELEASE]
	at org.springframework.aop.aspectj.AbstractAspectJAdvice.invokeAdviceMethod(AbstractAspectJAdvice.java:633) ~[spring-aop-5.2.6.RELEASE.jar:5.2.6.RELEASE]
	at org.springframework.aop.aspectj.AspectJAroundAdvice.invoke(AspectJAroundAdvice.java:70) ~[spring-aop-5.2.6.RELEASE.jar:5.2.6.RELEASE]
	at org.springframework.aop.framework.ReflectiveMethodInvocation.proceed(ReflectiveMethodInvocation.java:186) ~[spring-aop-5.2.6.RELEASE.jar:5.2.6.RELEASE]
	at org.springframework.aop.framework.CglibAopProxy$CglibMethodInvocation.proceed(CglibAopProxy.java:749) ~[spring-aop-5.2.6.RELEASE.jar:5.2.6.RELEASE]
	at org.springframework.aop.interceptor.ExposeInvocationInterceptor.invoke(ExposeInvocationInterceptor.java:95) ~[spring-aop-5.2.6.RELEASE.jar:5.2.6.RELEASE]
	at org.springframework.aop.framework.ReflectiveMethodInvocation.proceed(ReflectiveMethodInvocation.java:186) ~[spring-aop-5.2.6.RELEASE.jar:5.2.6.RELEASE]
	at org.springframework.aop.framework.CglibAopProxy$CglibMethodInvocation.proceed(CglibAopProxy.java:749) ~[spring-aop-5.2.6.RELEASE.jar:5.2.6.RELEASE]
	at org.springframework.aop.framework.CglibAopProxy$DynamicAdvisedInterceptor.intercept(CglibAopProxy.java:691) ~[spring-aop-5.2.6.RELEASE.jar:5.2.6.RELEASE]
	at com.smarthome.admin.device.controller.DeviceController$$EnhancerBySpringCGLIB$$f1870c10.findDeviceList(<generated>) ~[classes/:?]
	at sun.reflect.NativeMethodAccessorImpl.invoke0(Native Method) ~[?:1.8.0_201]
	at sun.reflect.NativeMethodAccessorImpl.invoke(NativeMethodAccessorImpl.java:62) ~[?:1.8.0_201]
	at sun.reflect.DelegatingMethodAccessorImpl.invoke(DelegatingMethodAccessorImpl.java:43) ~[?:1.8.0_201]
	at java.lang.reflect.Method.invoke(Method.java:498) ~[?:1.8.0_201]
	at org.springframework.web.method.support.InvocableHandlerMethod.doInvoke(InvocableHandlerMethod.java:190) ~[spring-web-5.2.6.RELEASE.jar:5.2.6.RELEASE]
	at org.springframework.web.method.support.InvocableHandlerMethod.invokeForRequest(InvocableHandlerMethod.java:138) ~[spring-web-5.2.6.RELEASE.jar:5.2.6.RELEASE]
	at org.springframework.web.servlet.mvc.method.annotation.ServletInvocableHandlerMethod.invokeAndHandle(ServletInvocableHandlerMethod.java:105) ~[spring-webmvc-5.2.6.RELEASE.jar:5.2.6.RELEASE]
	at org.springframework.web.servlet.mvc.method.annotation.RequestMappingHandlerAdapter.invokeHandlerMethod(RequestMappingHandlerAdapter.java:879) ~[spring-webmvc-5.2.6.RELEASE.jar:5.2.6.RELEASE]
	at org.springframework.web.servlet.mvc.method.annotation.RequestMappingHandlerAdapter.handleInternal(RequestMappingHandlerAdapter.java:793) ~[spring-webmvc-5.2.6.RELEASE.jar:5.2.6.RELEASE]
	at org.springframework.web.servlet.mvc.method.AbstractHandlerMethodAdapter.handle(AbstractHandlerMethodAdapter.java:87) ~[spring-webmvc-5.2.6.RELEASE.jar:5.2.6.RELEASE]
	at org.springframework.web.servlet.DispatcherServlet.doDispatch(DispatcherServlet.java:1040) [spring-webmvc-5.2.6.RELEASE.jar:5.2.6.RELEASE]
	at org.springframework.web.servlet.DispatcherServlet.doService(DispatcherServlet.java:943) [spring-webmvc-5.2.6.RELEASE.jar:5.2.6.RELEASE]
	at org.springframework.web.servlet.FrameworkServlet.processRequest(FrameworkServlet.java:1006) [spring-webmvc-5.2.6.RELEASE.jar:5.2.6.RELEASE]
	at org.springframework.web.servlet.FrameworkServlet.doPost(FrameworkServlet.java:909) [spring-webmvc-5.2.6.RELEASE.jar:5.2.6.RELEASE]
	at javax.servlet.http.HttpServlet.service(HttpServlet.java:660) [tomcat-embed-core-9.0.35.jar:9.0.35]
	at org.springframework.web.servlet.FrameworkServlet.service(FrameworkServlet.java:883) [spring-webmvc-5.2.6.RELEASE.jar:5.2.6.RELEASE]
	at javax.servlet.http.HttpServlet.service(HttpServlet.java:741) [tomcat-embed-core-9.0.35.jar:9.0.35]
	at org.apache.catalina.core.ApplicationFilterChain.internalDoFilter(ApplicationFilterChain.java:231) [tomcat-embed-core-9.0.35.jar:9.0.35]
	at org.apache.catalina.core.ApplicationFilterChain.doFilter(ApplicationFilterChain.java:166) [tomcat-embed-core-9.0.35.jar:9.0.35]
	at org.apache.tomcat.websocket.server.WsFilter.doFilter(WsFilter.java:53) [tomcat-embed-websocket-9.0.35.jar:9.0.35]
	at org.apache.catalina.core.ApplicationFilterChain.internalDoFilter(ApplicationFilterChain.java:193) [tomcat-embed-core-9.0.35.jar:9.0.35]
	at org.apache.catalina.core.ApplicationFilterChain.doFilter(ApplicationFilterChain.java:166) [tomcat-embed-core-9.0.35.jar:9.0.35]
	at com.smarthome.filter.RefreshFilter.doFilter(RefreshFilter.java:25) [classes/:?]
	at org.apache.catalina.core.ApplicationFilterChain.internalDoFilter(ApplicationFilterChain.java:193) [tomcat-embed-core-9.0.35.jar:9.0.35]
	at org.apache.catalina.core.ApplicationFilterChain.doFilter(ApplicationFilterChain.java:166) [tomcat-embed-core-9.0.35.jar:9.0.35]
	at org.springframework.web.filter.CharacterEncodingFilter.doFilterInternal(CharacterEncodingFilter.java:201) [spring-web-5.2.6.RELEASE.jar:5.2.6.RELEASE]
	at org.springframework.web.filter.OncePerRequestFilter.doFilter(OncePerRequestFilter.java:119) [spring-web-5.2.6.RELEASE.jar:5.2.6.RELEASE]
	at org.apache.catalina.core.ApplicationFilterChain.internalDoFilter(ApplicationFilterChain.java:193) [tomcat-embed-core-9.0.35.jar:9.0.35]
	at org.apache.catalina.core.ApplicationFilterChain.doFilter(ApplicationFilterChain.java:166) [tomcat-embed-core-9.0.35.jar:9.0.35]
	at org.apache.catalina.core.StandardWrapperValve.invoke(StandardWrapperValve.java:202) [tomcat-embed-core-9.0.35.jar:9.0.35]
	at org.apache.catalina.core.StandardContextValve.invoke(StandardContextValve.java:96) [tomcat-embed-core-9.0.35.jar:9.0.35]
	at org.apache.catalina.authenticator.AuthenticatorBase.invoke(AuthenticatorBase.java:541) [tomcat-embed-core-9.0.35.jar:9.0.35]
	at org.apache.catalina.core.StandardHostValve.invoke(StandardHostValve.java:139) [tomcat-embed-core-9.0.35.jar:9.0.35]
	at org.apache.catalina.valves.ErrorReportValve.invoke(ErrorReportValve.java:92) [tomcat-embed-core-9.0.35.jar:9.0.35]
	at org.apache.catalina.core.StandardEngineValve.invoke(StandardEngineValve.java:74) [tomcat-embed-core-9.0.35.jar:9.0.35]
	at org.apache.catalina.connector.CoyoteAdapter.service(CoyoteAdapter.java:343) [tomcat-embed-core-9.0.35.jar:9.0.35]
	at org.apache.coyote.http11.Http11Processor.service(Http11Processor.java:373) [tomcat-embed-core-9.0.35.jar:9.0.35]
	at org.apache.coyote.AbstractProcessorLight.process(AbstractProcessorLight.java:65) [tomcat-embed-core-9.0.35.jar:9.0.35]
	at org.apache.coyote.AbstractProtocol$ConnectionHandler.process(AbstractProtocol.java:868) [tomcat-embed-core-9.0.35.jar:9.0.35]
	at org.apache.tomcat.util.net.NioEndpoint$SocketProcessor.doRun(NioEndpoint.java:1590) [tomcat-embed-core-9.0.35.jar:9.0.35]
	at org.apache.tomcat.util.net.SocketProcessorBase.run(SocketProcessorBase.java:49) [tomcat-embed-core-9.0.35.jar:9.0.35]
	at java.util.concurrent.ThreadPoolExecutor.runWorker(ThreadPoolExecutor.java:1149) [?:1.8.0_201]
	at java.util.concurrent.ThreadPoolExecutor$Worker.run(ThreadPoolExecutor.java:624) [?:1.8.0_201]
	at org.apache.tomcat.util.threads.TaskThread$WrappingRunnable.run(TaskThread.java:61) [tomcat-embed-core-9.0.35.jar:9.0.35]
	at java.lang.Thread.run(Thread.java:748) [?:1.8.0_201]
Caused by: java.sql.SQLSyntaxErrorException: You have an error in your SQL syntax; check the manual that corresponds to your MySQL server version for the right syntax to use near 'tu.user_id as userId,tu.phone,if(tu.user_type=0,tua.account,tua.account) as acco' at line 2
	at com.mysql.cj.jdbc.exceptions.SQLError.createSQLException(SQLError.java:120) ~[mysql-connector-java-8.0.20.jar:8.0.20]
	at com.mysql.cj.jdbc.exceptions.SQLError.createSQLException(SQLError.java:97) ~[mysql-connector-java-8.0.20.jar:8.0.20]
	at com.mysql.cj.jdbc.exceptions.SQLExceptionsMapping.translateException(SQLExceptionsMapping.java:122) ~[mysql-connector-java-8.0.20.jar:8.0.20]
	at com.mysql.cj.jdbc.ClientPreparedStatement.executeInternal(ClientPreparedStatement.java:953) ~[mysql-connector-java-8.0.20.jar:8.0.20]
	at com.mysql.cj.jdbc.ClientPreparedStatement.execute(ClientPreparedStatement.java:370) ~[mysql-connector-java-8.0.20.jar:8.0.20]
	at com.zaxxer.hikari.pool.ProxyPreparedStatement.execute(ProxyPreparedStatement.java:44) ~[HikariCP-3.4.5.jar:?]
	at com.zaxxer.hikari.pool.HikariProxyPreparedStatement.execute(HikariProxyPreparedStatement.java) ~[HikariCP-3.4.5.jar:?]
	at org.apache.ibatis.executor.statement.PreparedStatementHandler.query(PreparedStatementHandler.java:64) ~[mybatis-3.5.3.jar:3.5.3]
	at org.apache.ibatis.executor.statement.RoutingStatementHandler.query(RoutingStatementHandler.java:79) ~[mybatis-3.5.3.jar:3.5.3]
	at com.baomidou.mybatisplus.core.executor.MybatisSimpleExecutor.doQuery(MybatisSimpleExecutor.java:67) ~[mybatis-plus-core-3.3.1.tmp.jar:3.3.1.tmp]
	at org.apache.ibatis.executor.BaseExecutor.queryFromDatabase(BaseExecutor.java:324) ~[mybatis-3.5.3.jar:3.5.3]
	at org.apache.ibatis.executor.BaseExecutor.query(BaseExecutor.java:156) ~[mybatis-3.5.3.jar:3.5.3]
	at org.apache.ibatis.executor.BaseExecutor.query(BaseExecutor.java:136) ~[mybatis-3.5.3.jar:3.5.3]
	at org.apache.ibatis.session.defaults.DefaultSqlSession.selectList(DefaultSqlSession.java:147) ~[mybatis-3.5.3.jar:3.5.3]
	at org.apache.ibatis.session.defaults.DefaultSqlSession.selectList(DefaultSqlSession.java:140) ~[mybatis-3.5.3.jar:3.5.3]
	at sun.reflect.NativeMethodAccessorImpl.invoke0(Native Method) ~[?:1.8.0_201]
	at sun.reflect.NativeMethodAccessorImpl.invoke(NativeMethodAccessorImpl.java:62) ~[?:1.8.0_201]
	at sun.reflect.DelegatingMethodAccessorImpl.invoke(DelegatingMethodAccessorImpl.java:43) ~[?:1.8.0_201]
	at java.lang.reflect.Method.invoke(Method.java:498) ~[?:1.8.0_201]
	at org.mybatis.spring.SqlSessionTemplate$SqlSessionInterceptor.invoke(SqlSessionTemplate.java:426) ~[mybatis-spring-2.0.3.jar:2.0.3]
	... 88 more
2020-06-16 00:05:23 [ INFO ] [ com.smarthome.aop.EncodeResponseBodyAdvice ] .....加密返回参数开始.....
2020-06-16 00:05:23 [ INFO ] [ com.smarthome.aop.EncodeResponseBodyAdvice ] .....加密返回参数结束.....
2020-06-16 00:05:23 [ INFO ] [ com.smarthome.aop.EncodeResponseBodyAdvice ] 方法[defultExcepitonHandler]返回加密数据:
{"code":"-1","message":"服务器错误"}
2020-06-16 00:05:57 [ INFO ] [ org.springframework.scheduling.concurrent.ThreadPoolTaskScheduler ] Shutting down ExecutorService 'taskScheduler'
2020-06-16 00:05:57 [ INFO ] [ com.zaxxer.hikari.HikariDataSource ] Retail_HikariCP - Shutdown initiated...
2020-06-16 00:05:57 [ INFO ] [ com.zaxxer.hikari.HikariDataSource ] Retail_HikariCP - Shutdown completed.
2020-06-16 00:06:12 [ INFO ] [ com.smarthome.AdminApplication ] Starting AdminApplication on lscdeMacBook-Pro.local with PID 10709 (/Volumes/LSC/smarthome-admin/target/classes started by lsc in /Volumes/LSC/smarthome-admin)
2020-06-16 00:06:12 [ INFO ] [ com.smarthome.AdminApplication ] The following profiles are active: localhost
2020-06-16 00:06:13 [ INFO ] [ org.springframework.data.repository.config.RepositoryConfigurationDelegate ] Multiple Spring Data modules found, entering strict repository configuration mode!
2020-06-16 00:06:13 [ INFO ] [ org.springframework.data.repository.config.RepositoryConfigurationDelegate ] Bootstrapping Spring Data Redis repositories in DEFAULT mode.
2020-06-16 00:06:13 [ INFO ] [ org.springframework.data.repository.config.RepositoryConfigurationDelegate ] Finished Spring Data repository scanning in 29ms. Found 0 Redis repository interfaces.
2020-06-16 00:06:13 [ INFO ] [ org.springframework.context.support.PostProcessorRegistrationDelegate$BeanPostProcessorChecker ] Bean 'org.springframework.boot.autoconfigure.jdbc.DataSourceTransactionManagerAutoConfiguration$DataSourceTransactionManagerConfiguration' of type [org.springframework.boot.autoconfigure.jdbc.DataSourceTransactionManagerAutoConfiguration$DataSourceTransactionManagerConfiguration] is not eligible for getting processed by all BeanPostProcessors (for example: not eligible for auto-proxying)
2020-06-16 00:06:13 [ INFO ] [ org.springframework.context.support.PostProcessorRegistrationDelegate$BeanPostProcessorChecker ] Bean 'org.springframework.boot.autoconfigure.jdbc.DataSourceConfiguration$Hikari' of type [org.springframework.boot.autoconfigure.jdbc.DataSourceConfiguration$Hikari] is not eligible for getting processed by all BeanPostProcessors (for example: not eligible for auto-proxying)
2020-06-16 00:06:13 [ INFO ] [ org.springframework.context.support.PostProcessorRegistrationDelegate$BeanPostProcessorChecker ] Bean 'spring.datasource-org.springframework.boot.autoconfigure.jdbc.DataSourceProperties' of type [org.springframework.boot.autoconfigure.jdbc.DataSourceProperties] is not eligible for getting processed by all BeanPostProcessors (for example: not eligible for auto-proxying)
2020-06-16 00:06:14 [ INFO ] [ org.springframework.context.support.PostProcessorRegistrationDelegate$BeanPostProcessorChecker ] Bean 'dataSource' of type [com.zaxxer.hikari.HikariDataSource] is not eligible for getting processed by all BeanPostProcessors (for example: not eligible for auto-proxying)
2020-06-16 00:06:14 [ INFO ] [ org.springframework.context.support.PostProcessorRegistrationDelegate$BeanPostProcessorChecker ] Bean 'org.springframework.boot.autoconfigure.jdbc.DataSourceInitializerInvoker' of type [org.springframework.boot.autoconfigure.jdbc.DataSourceInitializerInvoker] is not eligible for getting processed by all BeanPostProcessors (for example: not eligible for auto-proxying)
2020-06-16 00:06:14 [ INFO ] [ org.springframework.context.support.PostProcessorRegistrationDelegate$BeanPostProcessorChecker ] Bean 'org.springframework.boot.autoconfigure.transaction.TransactionAutoConfiguration' of type [org.springframework.boot.autoconfigure.transaction.TransactionAutoConfiguration] is not eligible for getting processed by all BeanPostProcessors (for example: not eligible for auto-proxying)
2020-06-16 00:06:14 [ INFO ] [ org.springframework.context.support.PostProcessorRegistrationDelegate$BeanPostProcessorChecker ] Bean 'spring.transaction-org.springframework.boot.autoconfigure.transaction.TransactionProperties' of type [org.springframework.boot.autoconfigure.transaction.TransactionProperties] is not eligible for getting processed by all BeanPostProcessors (for example: not eligible for auto-proxying)
2020-06-16 00:06:14 [ INFO ] [ org.springframework.context.support.PostProcessorRegistrationDelegate$BeanPostProcessorChecker ] Bean 'platformTransactionManagerCustomizers' of type [org.springframework.boot.autoconfigure.transaction.TransactionManagerCustomizers] is not eligible for getting processed by all BeanPostProcessors (for example: not eligible for auto-proxying)
2020-06-16 00:06:14 [ INFO ] [ org.springframework.context.support.PostProcessorRegistrationDelegate$BeanPostProcessorChecker ] Bean 'transactionManager' of type [org.springframework.jdbc.datasource.DataSourceTransactionManager] is not eligible for getting processed by all BeanPostProcessors (for example: not eligible for auto-proxying)
2020-06-16 00:06:14 [ INFO ] [ org.springframework.context.support.PostProcessorRegistrationDelegate$BeanPostProcessorChecker ] Bean 'transactionManagerConfig' of type [com.smarthome.aop.TransactionManagerConfig$$EnhancerBySpringCGLIB$$5704c1ba] is not eligible for getting processed by all BeanPostProcessors (for example: not eligible for auto-proxying)
2020-06-16 00:06:14 [ INFO ] [ org.springframework.context.support.PostProcessorRegistrationDelegate$BeanPostProcessorChecker ] Bean 'txAdvice' of type [org.springframework.transaction.interceptor.TransactionInterceptor] is not eligible for getting processed by all BeanPostProcessors (for example: not eligible for auto-proxying)
2020-06-16 00:06:14 [ INFO ] [ org.springframework.context.support.PostProcessorRegistrationDelegate$BeanPostProcessorChecker ] Bean 'txAdviceAdvisor' of type [org.springframework.aop.support.DefaultPointcutAdvisor] is not eligible for getting processed by all BeanPostProcessors (for example: not eligible for auto-proxying)
2020-06-16 00:06:14 [ INFO ] [ org.springframework.boot.web.embedded.tomcat.TomcatWebServer ] Tomcat initialized with port(s): 7706 (http)
2020-06-16 00:06:14 [ INFO ] [ org.apache.coyote.http11.Http11NioProtocol ] Initializing ProtocolHandler ["http-nio-7706"]
2020-06-16 00:06:14 [ INFO ] [ org.apache.catalina.core.StandardService ] Starting service [Tomcat]
2020-06-16 00:06:14 [ INFO ] [ org.apache.catalina.core.StandardEngine ] Starting Servlet engine: [Apache Tomcat/9.0.35]
2020-06-16 00:06:14 [ INFO ] [ org.apache.catalina.core.ContainerBase.[Tomcat].[localhost].[/] ] Initializing Spring embedded WebApplicationContext
2020-06-16 00:06:14 [ INFO ] [ org.springframework.web.context.ContextLoader ] Root WebApplicationContext: initialization completed in 1518 ms
2020-06-16 00:06:14 [ WARN ] [ com.baomidou.mybatisplus.core.metadata.TableInfoHelper ] Warn: Could not find @TableId in Class: com.smarthome.mapper.po.DeviceControlLog.
2020-06-16 00:06:14 [ WARN ] [ com.baomidou.mybatisplus.core.metadata.TableInfoHelper ] Warn: Could not find @TableId in Class: com.smarthome.mapper.po.Device.
2020-06-16 00:06:14 [ WARN ] [ com.baomidou.mybatisplus.core.metadata.TableInfoHelper ] Warn: Could not find @TableId in Class: com.smarthome.mapper.po.Gateway.
2020-06-16 00:06:15 [ INFO ] [ org.springframework.scheduling.concurrent.ThreadPoolTaskScheduler ] Initializing ExecutorService 'taskScheduler'
2020-06-16 00:06:16 [ INFO ] [ org.apache.coyote.http11.Http11NioProtocol ] Starting ProtocolHandler ["http-nio-7706"]
2020-06-16 00:06:16 [ INFO ] [ org.springframework.boot.web.embedded.tomcat.TomcatWebServer ] Tomcat started on port(s): 7706 (http) with context path ''
2020-06-16 00:06:16 [ INFO ] [ com.smarthome.AdminApplication ] Started AdminApplication in 3.537 seconds (JVM running for 4.358)
2020-06-16 00:06:16 [ INFO ] [ com.smarthome.lifecycle.ApplicationRunnerImpl ] 项目启动后首次执行
2020-06-16 00:06:16 [ INFO ] [ com.smarthome.AdminApplication ] 项目启动成功
2020-06-16 00:06:22 [ INFO ] [ org.apache.catalina.core.ContainerBase.[Tomcat].[localhost].[/] ] Initializing Spring DispatcherServlet 'dispatcherServlet'
2020-06-16 00:06:22 [ INFO ] [ org.springframework.web.servlet.DispatcherServlet ] Initializing Servlet 'dispatcherServlet'
2020-06-16 00:06:22 [ INFO ] [ org.springframework.web.servlet.DispatcherServlet ] Completed initialization in 7 ms
2020-06-16 00:06:22 [ INFO ] [ com.smarthome.aop.DecodeRequestBodyAdvice ] 获取用户的token:e0828cc19afb4b71952c822d28f3cc06
2020-06-16 00:06:22 [ INFO ] [ com.smarthome.aop.DecodeRequestBodyAdvice ] .....解密入参开始.....
2020-06-16 00:06:22 [ INFO ] [ com.smarthome.aop.DecodeRequestBodyAdvice ] .....解密入参结束.....
2020-06-16 00:06:22 [ INFO ] [ com.smarthome.aop.DecodeRequestBodyAdvice ] 方法[findDeviceList]读取处理后请求的数据:
{"uniqueCode16":"","userId":"","deviceId":"","token":"e0828cc19afb4b71952c822d28f3cc06","productCode":"","page":{"indexNo":0,"totalNo":0,"pageSize":1,"pageNo":1,"success":true},"account":"","gatewayId":""}
2020-06-16 00:06:22 [ INFO ] [ com.zaxxer.hikari.HikariDataSource ] Retail_HikariCP - Starting...
2020-06-16 00:06:23 [ INFO ] [ com.zaxxer.hikari.HikariDataSource ] Retail_HikariCP - Start completed.
2020-06-16 00:06:23 [ INFO ] [ com.smarthome.aop.TimeInterceptor ] 方法findDeviceList,请求耗时[628]毫秒
2020-06-16 00:06:23 [ INFO ] [ com.smarthome.aop.EncodeResponseBodyAdvice ] .....加密返回参数开始.....
2020-06-16 00:06:23 [ INFO ] [ com.smarthome.aop.EncodeResponseBodyAdvice ] .....加密返回参数结束.....
2020-06-16 00:06:23 [ INFO ] [ com.smarthome.aop.EncodeResponseBodyAdvice ] 方法[findDeviceList]返回加密数据:
{"code":"0","data":[{"uniqueCode16":"F00003FF","deviceId":"460055050904014848","deviceName":"通道1的参数","userId":"460049805532598272","deviceRemark":"调光1","productCode":"014","phone":"15632338960","account":"15632338960","gatewayId":"460050446401277952"}],"message":"SUCCESS","page":{"indexNo":0,"totalNo":168,"pageSize":1,"pageNo":1,"success":false}}
2020-06-16 00:06:54 [ INFO ] [ com.smarthome.aop.DecodeRequestBodyAdvice ] 获取用户的token:e0828cc19afb4b71952c822d28f3cc06
2020-06-16 00:06:54 [ INFO ] [ com.smarthome.aop.DecodeRequestBodyAdvice ] .....解密入参开始.....
2020-06-16 00:06:54 [ INFO ] [ com.smarthome.aop.DecodeRequestBodyAdvice ] .....解密入参结束.....
2020-06-16 00:06:54 [ INFO ] [ com.smarthome.aop.DecodeRequestBodyAdvice ] 方法[findDeviceList]读取处理后请求的数据:
{"uniqueCode16":"","userId":"","deviceId":"","token":"e0828cc19afb4b71952c822d28f3cc06","productCode":"014","page":{"indexNo":0,"totalNo":0,"pageSize":1,"pageNo":1,"success":true},"account":"","gatewayId":""}
2020-06-16 00:06:54 [ INFO ] [ com.smarthome.aop.TimeInterceptor ] 方法findDeviceList,请求耗时[44]毫秒
2020-06-16 00:06:54 [ INFO ] [ com.smarthome.aop.EncodeResponseBodyAdvice ] .....加密返回参数开始.....
2020-06-16 00:06:54 [ INFO ] [ com.smarthome.aop.EncodeResponseBodyAdvice ] .....加密返回参数结束.....
2020-06-16 00:06:54 [ INFO ] [ com.smarthome.aop.EncodeResponseBodyAdvice ] 方法[findDeviceList]返回加密数据:
{"code":"0","data":[{"uniqueCode16":"F00003FF","deviceId":"460055050904014848","deviceName":"通道1的参数","userId":"460049805532598272","deviceRemark":"调光1","productCode":"014","phone":"15632338960","account":"15632338960","gatewayId":"460050446401277952"}],"message":"SUCCESS","page":{"indexNo":0,"totalNo":8,"pageSize":1,"pageNo":1,"success":false}}
2020-06-16 00:11:54 [ INFO ] [ org.springframework.scheduling.concurrent.ThreadPoolTaskScheduler ] Shutting down ExecutorService 'taskScheduler'
2020-06-16 00:11:55 [ INFO ] [ com.zaxxer.hikari.HikariDataSource ] Retail_HikariCP - Shutdown initiated...
2020-06-16 00:11:55 [ INFO ] [ com.zaxxer.hikari.HikariDataSource ] Retail_HikariCP - Shutdown completed.
2020-06-16 00:11:59 [ INFO ] [ com.smarthome.AdminApplication ] Starting AdminApplication on lscdeMacBook-Pro.local with PID 10851 (/Volumes/LSC/smarthome-admin/target/classes started by lsc in /Volumes/LSC/smarthome-admin)
2020-06-16 00:11:59 [ INFO ] [ com.smarthome.AdminApplication ] The following profiles are active: localhost
2020-06-16 00:12:00 [ INFO ] [ org.springframework.data.repository.config.RepositoryConfigurationDelegate ] Multiple Spring Data modules found, entering strict repository configuration mode!
2020-06-16 00:12:00 [ INFO ] [ org.springframework.data.repository.config.RepositoryConfigurationDelegate ] Bootstrapping Spring Data Redis repositories in DEFAULT mode.
2020-06-16 00:12:00 [ INFO ] [ org.springframework.data.repository.config.RepositoryConfigurationDelegate ] Finished Spring Data repository scanning in 27ms. Found 0 Redis repository interfaces.
2020-06-16 00:12:01 [ INFO ] [ org.springframework.context.support.PostProcessorRegistrationDelegate$BeanPostProcessorChecker ] Bean 'org.springframework.boot.autoconfigure.jdbc.DataSourceTransactionManagerAutoConfiguration$DataSourceTransactionManagerConfiguration' of type [org.springframework.boot.autoconfigure.jdbc.DataSourceTransactionManagerAutoConfiguration$DataSourceTransactionManagerConfiguration] is not eligible for getting processed by all BeanPostProcessors (for example: not eligible for auto-proxying)
2020-06-16 00:12:01 [ INFO ] [ org.springframework.context.support.PostProcessorRegistrationDelegate$BeanPostProcessorChecker ] Bean 'org.springframework.boot.autoconfigure.jdbc.DataSourceConfiguration$Hikari' of type [org.springframework.boot.autoconfigure.jdbc.DataSourceConfiguration$Hikari] is not eligible for getting processed by all BeanPostProcessors (for example: not eligible for auto-proxying)
2020-06-16 00:12:01 [ INFO ] [ org.springframework.context.support.PostProcessorRegistrationDelegate$BeanPostProcessorChecker ] Bean 'spring.datasource-org.springframework.boot.autoconfigure.jdbc.DataSourceProperties' of type [org.springframework.boot.autoconfigure.jdbc.DataSourceProperties] is not eligible for getting processed by all BeanPostProcessors (for example: not eligible for auto-proxying)
2020-06-16 00:12:01 [ INFO ] [ org.springframework.context.support.PostProcessorRegistrationDelegate$BeanPostProcessorChecker ] Bean 'dataSource' of type [com.zaxxer.hikari.HikariDataSource] is not eligible for getting processed by all BeanPostProcessors (for example: not eligible for auto-proxying)
2020-06-16 00:12:01 [ INFO ] [ org.springframework.context.support.PostProcessorRegistrationDelegate$BeanPostProcessorChecker ] Bean 'org.springframework.boot.autoconfigure.jdbc.DataSourceInitializerInvoker' of type [org.springframework.boot.autoconfigure.jdbc.DataSourceInitializerInvoker] is not eligible for getting processed by all BeanPostProcessors (for example: not eligible for auto-proxying)
2020-06-16 00:12:01 [ INFO ] [ org.springframework.context.support.PostProcessorRegistrationDelegate$BeanPostProcessorChecker ] Bean 'org.springframework.boot.autoconfigure.transaction.TransactionAutoConfiguration' of type [org.springframework.boot.autoconfigure.transaction.TransactionAutoConfiguration] is not eligible for getting processed by all BeanPostProcessors (for example: not eligible for auto-proxying)
2020-06-16 00:12:01 [ INFO ] [ org.springframework.context.support.PostProcessorRegistrationDelegate$BeanPostProcessorChecker ] Bean 'spring.transaction-org.springframework.boot.autoconfigure.transaction.TransactionProperties' of type [org.springframework.boot.autoconfigure.transaction.TransactionProperties] is not eligible for getting processed by all BeanPostProcessors (for example: not eligible for auto-proxying)
2020-06-16 00:12:01 [ INFO ] [ org.springframework.context.support.PostProcessorRegistrationDelegate$BeanPostProcessorChecker ] Bean 'platformTransactionManagerCustomizers' of type [org.springframework.boot.autoconfigure.transaction.TransactionManagerCustomizers] is not eligible for getting processed by all BeanPostProcessors (for example: not eligible for auto-proxying)
2020-06-16 00:12:01 [ INFO ] [ org.springframework.context.support.PostProcessorRegistrationDelegate$BeanPostProcessorChecker ] Bean 'transactionManager' of type [org.springframework.jdbc.datasource.DataSourceTransactionManager] is not eligible for getting processed by all BeanPostProcessors (for example: not eligible for auto-proxying)
2020-06-16 00:12:01 [ INFO ] [ org.springframework.context.support.PostProcessorRegistrationDelegate$BeanPostProcessorChecker ] Bean 'transactionManagerConfig' of type [com.smarthome.aop.TransactionManagerConfig$$EnhancerBySpringCGLIB$$e371c6dd] is not eligible for getting processed by all BeanPostProcessors (for example: not eligible for auto-proxying)
2020-06-16 00:12:01 [ INFO ] [ org.springframework.context.support.PostProcessorRegistrationDelegate$BeanPostProcessorChecker ] Bean 'txAdvice' of type [org.springframework.transaction.interceptor.TransactionInterceptor] is not eligible for getting processed by all BeanPostProcessors (for example: not eligible for auto-proxying)
2020-06-16 00:12:01 [ INFO ] [ org.springframework.context.support.PostProcessorRegistrationDelegate$BeanPostProcessorChecker ] Bean 'txAdviceAdvisor' of type [org.springframework.aop.support.DefaultPointcutAdvisor] is not eligible for getting processed by all BeanPostProcessors (for example: not eligible for auto-proxying)
2020-06-16 00:12:01 [ INFO ] [ org.springframework.boot.web.embedded.tomcat.TomcatWebServer ] Tomcat initialized with port(s): 7706 (http)
2020-06-16 00:12:01 [ INFO ] [ org.apache.coyote.http11.Http11NioProtocol ] Initializing ProtocolHandler ["http-nio-7706"]
2020-06-16 00:12:01 [ INFO ] [ org.apache.catalina.core.StandardService ] Starting service [Tomcat]
2020-06-16 00:12:01 [ INFO ] [ org.apache.catalina.core.StandardEngine ] Starting Servlet engine: [Apache Tomcat/9.0.35]
2020-06-16 00:12:01 [ INFO ] [ org.apache.catalina.core.ContainerBase.[Tomcat].[localhost].[/] ] Initializing Spring embedded WebApplicationContext
2020-06-16 00:12:01 [ INFO ] [ org.springframework.web.context.ContextLoader ] Root WebApplicationContext: initialization completed in 1541 ms
2020-06-16 00:12:02 [ WARN ] [ com.baomidou.mybatisplus.core.metadata.TableInfoHelper ] Warn: Could not find @TableId in Class: com.smarthome.mapper.po.DeviceControlLog.
2020-06-16 00:12:02 [ WARN ] [ com.baomidou.mybatisplus.core.metadata.TableInfoHelper ] Warn: Could not find @TableId in Class: com.smarthome.mapper.po.Device.
2020-06-16 00:12:02 [ WARN ] [ com.baomidou.mybatisplus.core.metadata.TableInfoHelper ] Warn: Could not find @TableId in Class: com.smarthome.mapper.po.Gateway.
2020-06-16 00:12:03 [ INFO ] [ org.springframework.scheduling.concurrent.ThreadPoolTaskScheduler ] Initializing ExecutorService 'taskScheduler'
2020-06-16 00:12:03 [ INFO ] [ org.apache.coyote.http11.Http11NioProtocol ] Starting ProtocolHandler ["http-nio-7706"]
2020-06-16 00:12:03 [ INFO ] [ org.springframework.boot.web.embedded.tomcat.TomcatWebServer ] Tomcat started on port(s): 7706 (http) with context path ''
2020-06-16 00:12:03 [ INFO ] [ com.smarthome.AdminApplication ] Started AdminApplication in 3.713 seconds (JVM running for 4.445)
2020-06-16 00:12:03 [ INFO ] [ com.smarthome.lifecycle.ApplicationRunnerImpl ] 项目启动后首次执行
2020-06-16 00:12:03 [ INFO ] [ com.smarthome.AdminApplication ] 项目启动成功
2020-06-16 00:12:09 [ INFO ] [ org.apache.catalina.core.ContainerBase.[Tomcat].[localhost].[/] ] Initializing Spring DispatcherServlet 'dispatcherServlet'
2020-06-16 00:12:09 [ INFO ] [ org.springframework.web.servlet.DispatcherServlet ] Initializing Servlet 'dispatcherServlet'
2020-06-16 00:12:09 [ INFO ] [ org.springframework.web.servlet.DispatcherServlet ] Completed initialization in 9 ms
2020-06-16 00:12:09 [ INFO ] [ com.smarthome.aop.DecodeRequestBodyAdvice ] 获取用户的token:a54882b19937406d9742347474e551a0
2020-06-16 00:12:09 [ INFO ] [ com.smarthome.aop.EncodeResponseBodyAdvice ] .....加密返回参数开始.....
2020-06-16 00:12:09 [ INFO ] [ com.smarthome.aop.EncodeResponseBodyAdvice ] .....加密返回参数结束.....
2020-06-16 00:12:09 [ INFO ] [ com.smarthome.aop.EncodeResponseBodyAdvice ] 方法[myExceptionHandler]返回加密数据:
{"code":"2","message":"用户信息超时,或者当前账号在其他地方登录"}
2020-06-16 00:12:18 [ INFO ] [ com.smarthome.aop.DecodeRequestBodyAdvice ] 获取用户的token:e0828cc19afb4b71952c822d28f3cc06
2020-06-16 00:12:19 [ INFO ] [ com.smarthome.aop.DecodeRequestBodyAdvice ] .....解密入参开始.....
2020-06-16 00:12:19 [ INFO ] [ com.smarthome.aop.DecodeRequestBodyAdvice ] .....解密入参结束.....
2020-06-16 00:12:19 [ INFO ] [ com.smarthome.aop.DecodeRequestBodyAdvice ] 方法[findDeviceControlLogList]读取处理后请求的数据:
{"deviceId":"460067400876953600","token":"e0828cc19afb4b71952c822d28f3cc06","page":{"indexNo":0,"totalNo":0,"pageSize":2,"pageNo":1,"success":true}}
2020-06-16 00:12:19 [ INFO ] [ com.zaxxer.hikari.HikariDataSource ] Retail_HikariCP - Starting...
2020-06-16 00:12:19 [ INFO ] [ com.zaxxer.hikari.HikariDataSource ] Retail_HikariCP - Start completed.
2020-06-16 00:12:19 [ INFO ] [ com.smarthome.aop.TimeInterceptor ] 方法findDeviceControlLogList,请求耗时[717]毫秒
2020-06-16 00:12:19 [ INFO ] [ com.smarthome.aop.EncodeResponseBodyAdvice ] .....加密返回参数开始.....
2020-06-16 00:12:19 [ INFO ] [ com.smarthome.aop.EncodeResponseBodyAdvice ] .....加密返回参数结束.....
2020-06-16 00:12:19 [ INFO ] [ com.smarthome.aop.EncodeResponseBodyAdvice ] 方法[findDeviceControlLogList]返回加密数据:
{"code":"0","data":[{"deviceId":"460067400876953600","userId":"460049805532598272","controlDescStr":"{\"openState\":1,\"deviceId\":\"460067400876953600\",\"token\":\"173da2fc53d84f4689f01dd7a83b4b63\",\"openStateValue1\":0,\"password\":\"\",\"openStateValue\":0,\"openStateValue2\":0}","controlDesc":{"openState":1,"deviceId":"460067400876953600","token":"173da2fc53d84f4689f01dd7a83b4b63","openStateValue1":0,"password":"","openStateValue":0,"openStateValue2":0},"createTime":1591693411000},{"deviceId":"460067400876953600","userId":"460049805532598272","controlDescStr":"{\"openState\":1,\"deviceId\":\"460067400876953600\",\"token\":\"173da2fc53d84f4689f01dd7a83b4b63\",\"openStateValue1\":0,\"password\":\"\",\"openStateValue\":0,\"openStateValue2\":0}","controlDesc":{"openState":1,"deviceId":"460067400876953600","token":"173da2fc53d84f4689f01dd7a83b4b63","openStateValue1":0,"password":"","openStateValue":0,"openStateValue2":0},"createTime":1591693411000}],"message":"SUCCESS","page":{"indexNo":0,"totalNo":62,"pageSize":2,"pageNo":1,"success":false}}
2020-06-16 00:17:23 [ INFO ] [ org.springframework.scheduling.concurrent.ThreadPoolTaskScheduler ] Shutting down ExecutorService 'taskScheduler'
2020-06-16 00:17:23 [ INFO ] [ com.zaxxer.hikari.HikariDataSource ] Retail_HikariCP - Shutdown initiated...
2020-06-16 00:17:23 [ INFO ] [ com.zaxxer.hikari.HikariDataSource ] Retail_HikariCP - Shutdown completed.
2020-06-16 00:17:30 [ INFO ] [ com.smarthome.AdminApplication ] Starting AdminApplication on lscdeMacBook-Pro.local with PID 10974 (/Volumes/LSC/smarthome-admin/target/classes started by lsc in /Volumes/LSC/smarthome-admin)
2020-06-16 00:17:30 [ INFO ] [ com.smarthome.AdminApplication ] The following profiles are active: localhost
2020-06-16 00:17:30 [ INFO ] [ org.springframework.data.repository.config.RepositoryConfigurationDelegate ] Multiple Spring Data modules found, entering strict repository configuration mode!
2020-06-16 00:17:30 [ INFO ] [ org.springframework.data.repository.config.RepositoryConfigurationDelegate ] Bootstrapping Spring Data Redis repositories in DEFAULT mode.
2020-06-16 00:17:30 [ INFO ] [ org.springframework.data.repository.config.RepositoryConfigurationDelegate ] Finished Spring Data repository scanning in 25ms. Found 0 Redis repository interfaces.
2020-06-16 00:17:31 [ INFO ] [ org.springframework.context.support.PostProcessorRegistrationDelegate$BeanPostProcessorChecker ] Bean 'org.springframework.boot.autoconfigure.jdbc.DataSourceTransactionManagerAutoConfiguration$DataSourceTransactionManagerConfiguration' of type [org.springframework.boot.autoconfigure.jdbc.DataSourceTransactionManagerAutoConfiguration$DataSourceTransactionManagerConfiguration] is not eligible for getting processed by all BeanPostProcessors (for example: not eligible for auto-proxying)
2020-06-16 00:17:31 [ INFO ] [ org.springframework.context.support.PostProcessorRegistrationDelegate$BeanPostProcessorChecker ] Bean 'org.springframework.boot.autoconfigure.jdbc.DataSourceConfiguration$Hikari' of type [org.springframework.boot.autoconfigure.jdbc.DataSourceConfiguration$Hikari] is not eligible for getting processed by all BeanPostProcessors (for example: not eligible for auto-proxying)
2020-06-16 00:17:31 [ INFO ] [ org.springframework.context.support.PostProcessorRegistrationDelegate$BeanPostProcessorChecker ] Bean 'spring.datasource-org.springframework.boot.autoconfigure.jdbc.DataSourceProperties' of type [org.springframework.boot.autoconfigure.jdbc.DataSourceProperties] is not eligible for getting processed by all BeanPostProcessors (for example: not eligible for auto-proxying)
2020-06-16 00:17:31 [ INFO ] [ org.springframework.context.support.PostProcessorRegistrationDelegate$BeanPostProcessorChecker ] Bean 'dataSource' of type [com.zaxxer.hikari.HikariDataSource] is not eligible for getting processed by all BeanPostProcessors (for example: not eligible for auto-proxying)
2020-06-16 00:17:31 [ INFO ] [ org.springframework.context.support.PostProcessorRegistrationDelegate$BeanPostProcessorChecker ] Bean 'org.springframework.boot.autoconfigure.jdbc.DataSourceInitializerInvoker' of type [org.springframework.boot.autoconfigure.jdbc.DataSourceInitializerInvoker] is not eligible for getting processed by all BeanPostProcessors (for example: not eligible for auto-proxying)
2020-06-16 00:17:31 [ INFO ] [ org.springframework.context.support.PostProcessorRegistrationDelegate$BeanPostProcessorChecker ] Bean 'org.springframework.boot.autoconfigure.transaction.TransactionAutoConfiguration' of type [org.springframework.boot.autoconfigure.transaction.TransactionAutoConfiguration] is not eligible for getting processed by all BeanPostProcessors (for example: not eligible for auto-proxying)
2020-06-16 00:17:31 [ INFO ] [ org.springframework.context.support.PostProcessorRegistrationDelegate$BeanPostProcessorChecker ] Bean 'spring.transaction-org.springframework.boot.autoconfigure.transaction.TransactionProperties' of type [org.springframework.boot.autoconfigure.transaction.TransactionProperties] is not eligible for getting processed by all BeanPostProcessors (for example: not eligible for auto-proxying)
2020-06-16 00:17:31 [ INFO ] [ org.springframework.context.support.PostProcessorRegistrationDelegate$BeanPostProcessorChecker ] Bean 'platformTransactionManagerCustomizers' of type [org.springframework.boot.autoconfigure.transaction.TransactionManagerCustomizers] is not eligible for getting processed by all BeanPostProcessors (for example: not eligible for auto-proxying)
2020-06-16 00:17:31 [ INFO ] [ org.springframework.context.support.PostProcessorRegistrationDelegate$BeanPostProcessorChecker ] Bean 'transactionManager' of type [org.springframework.jdbc.datasource.DataSourceTransactionManager] is not eligible for getting processed by all BeanPostProcessors (for example: not eligible for auto-proxying)
2020-06-16 00:17:31 [ INFO ] [ org.springframework.context.support.PostProcessorRegistrationDelegate$BeanPostProcessorChecker ] Bean 'transactionManagerConfig' of type [com.smarthome.aop.TransactionManagerConfig$$EnhancerBySpringCGLIB$$703087c2] is not eligible for getting processed by all BeanPostProcessors (for example: not eligible for auto-proxying)
2020-06-16 00:17:31 [ INFO ] [ org.springframework.context.support.PostProcessorRegistrationDelegate$BeanPostProcessorChecker ] Bean 'txAdvice' of type [org.springframework.transaction.interceptor.TransactionInterceptor] is not eligible for getting processed by all BeanPostProcessors (for example: not eligible for auto-proxying)
2020-06-16 00:17:31 [ INFO ] [ org.springframework.context.support.PostProcessorRegistrationDelegate$BeanPostProcessorChecker ] Bean 'txAdviceAdvisor' of type [org.springframework.aop.support.DefaultPointcutAdvisor] is not eligible for getting processed by all BeanPostProcessors (for example: not eligible for auto-proxying)
2020-06-16 00:17:31 [ INFO ] [ org.springframework.boot.web.embedded.tomcat.TomcatWebServer ] Tomcat initialized with port(s): 7706 (http)
2020-06-16 00:17:31 [ INFO ] [ org.apache.coyote.http11.Http11NioProtocol ] Initializing ProtocolHandler ["http-nio-7706"]
2020-06-16 00:17:31 [ INFO ] [ org.apache.catalina.core.StandardService ] Starting service [Tomcat]
2020-06-16 00:17:31 [ INFO ] [ org.apache.catalina.core.StandardEngine ] Starting Servlet engine: [Apache Tomcat/9.0.35]
2020-06-16 00:17:31 [ INFO ] [ org.apache.catalina.core.ContainerBase.[Tomcat].[localhost].[/] ] Initializing Spring embedded WebApplicationContext
2020-06-16 00:17:31 [ INFO ] [ org.springframework.web.context.ContextLoader ] Root WebApplicationContext: initialization completed in 1430 ms
2020-06-16 00:17:32 [ WARN ] [ com.baomidou.mybatisplus.core.metadata.TableInfoHelper ] Warn: Could not find @TableId in Class: com.smarthome.mapper.po.DeviceControlLog.
2020-06-16 00:17:32 [ WARN ] [ com.baomidou.mybatisplus.core.metadata.TableInfoHelper ] Warn: Could not find @TableId in Class: com.smarthome.mapper.po.Device.
2020-06-16 00:17:32 [ WARN ] [ com.baomidou.mybatisplus.core.metadata.TableInfoHelper ] Warn: Could not find @TableId in Class: com.smarthome.mapper.po.Gateway.
2020-06-16 00:17:33 [ INFO ] [ org.springframework.scheduling.concurrent.ThreadPoolTaskScheduler ] Initializing ExecutorService 'taskScheduler'
2020-06-16 00:17:33 [ INFO ] [ org.apache.coyote.http11.Http11NioProtocol ] Starting ProtocolHandler ["http-nio-7706"]
2020-06-16 00:17:33 [ INFO ] [ org.springframework.boot.web.embedded.tomcat.TomcatWebServer ] Tomcat started on port(s): 7706 (http) with context path ''
2020-06-16 00:17:33 [ INFO ] [ com.smarthome.AdminApplication ] Started AdminApplication in 3.64 seconds (JVM running for 4.355)
2020-06-16 00:17:33 [ INFO ] [ com.smarthome.lifecycle.ApplicationRunnerImpl ] 项目启动后首次执行
2020-06-16 00:17:33 [ INFO ] [ com.smarthome.AdminApplication ] 项目启动成功
2020-06-16 00:17:50 [ INFO ] [ org.apache.catalina.core.ContainerBase.[Tomcat].[localhost].[/] ] Initializing Spring DispatcherServlet 'dispatcherServlet'
2020-06-16 00:17:50 [ INFO ] [ org.springframework.web.servlet.DispatcherServlet ] Initializing Servlet 'dispatcherServlet'
2020-06-16 00:17:50 [ INFO ] [ org.springframework.web.servlet.DispatcherServlet ] Completed initialization in 33 ms
2020-06-16 00:17:50 [ INFO ] [ com.smarthome.aop.DecodeRequestBodyAdvice ] 获取用户的token:e0828cc19afb4b71952c822d28f3cc06
2020-06-16 00:17:50 [ INFO ] [ com.smarthome.aop.DecodeRequestBodyAdvice ] .....解密入参开始.....
2020-06-16 00:17:50 [ INFO ] [ com.smarthome.aop.DecodeRequestBodyAdvice ] .....解密入参结束.....
2020-06-16 00:17:50 [ INFO ] [ com.smarthome.aop.DecodeRequestBodyAdvice ] 方法[findDeviceControlLogList]读取处理后请求的数据:
{"deviceId":"460067400876953600","userId":"460049805532598271","token":"e0828cc19afb4b71952c822d28f3cc06","page":{"indexNo":0,"totalNo":0,"pageSize":2,"pageNo":1,"success":true}}
2020-06-16 00:17:50 [ INFO ] [ com.zaxxer.hikari.HikariDataSource ] Retail_HikariCP - Starting...
2020-06-16 00:17:51 [ INFO ] [ com.zaxxer.hikari.HikariDataSource ] Retail_HikariCP - Start completed.
2020-06-16 00:17:51 [ INFO ] [ com.smarthome.aop.TimeInterceptor ] 方法findDeviceControlLogList,请求耗时[1002]毫秒
2020-06-16 00:17:51 [ INFO ] [ com.smarthome.aop.EncodeResponseBodyAdvice ] .....加密返回参数开始.....
2020-06-16 00:17:51 [ INFO ] [ com.smarthome.aop.EncodeResponseBodyAdvice ] .....加密返回参数结束.....
2020-06-16 00:17:51 [ INFO ] [ com.smarthome.aop.EncodeResponseBodyAdvice ] 方法[findDeviceControlLogList]返回加密数据:
{"code":"0","data":[],"message":"SUCCESS","page":{"indexNo":0,"totalNo":62,"pageSize":2,"pageNo":1,"success":false}}
2020-06-16 00:18:00 [ INFO ] [ com.smarthome.aop.DecodeRequestBodyAdvice ] 获取用户的token:e0828cc19afb4b71952c822d28f3cc06
2020-06-16 00:18:00 [ INFO ] [ com.smarthome.aop.DecodeRequestBodyAdvice ] .....解密入参开始.....
2020-06-16 00:18:00 [ INFO ] [ com.smarthome.aop.DecodeRequestBodyAdvice ] .....解密入参结束.....
2020-06-16 00:18:00 [ INFO ] [ com.smarthome.aop.DecodeRequestBodyAdvice ] 方法[findDeviceControlLogList]读取处理后请求的数据:
{"deviceId":"","userId":"460049805532598271","token":"e0828cc19afb4b71952c822d28f3cc06","page":{"indexNo":0,"totalNo":0,"pageSize":2,"pageNo":1,"success":true}}
2020-06-16 00:18:00 [ INFO ] [ com.smarthome.aop.TimeInterceptor ] 方法findDeviceControlLogList,请求耗时[33]毫秒
2020-06-16 00:18:00 [ INFO ] [ com.smarthome.aop.EncodeResponseBodyAdvice ] .....加密返回参数开始.....
2020-06-16 00:18:00 [ INFO ] [ com.smarthome.aop.EncodeResponseBodyAdvice ] .....加密返回参数结束.....
2020-06-16 00:18:00 [ INFO ] [ com.smarthome.aop.EncodeResponseBodyAdvice ] 方法[findDeviceControlLogList]返回加密数据:
{"code":"0","data":[{"deviceId":"463711773766324224","userId":"460049805532598271","controlDescStr":"{\"openState\":0,\"deviceId\":\"463711773766324224\",\"token\":\"0add0cf998784901b518dd2a18a930be\",\"openStateValue1\":0,\"password\":\"\",\"openStateValue\":0,\"openStateValue2\":0}","controlDesc":{"openState":0,"deviceId":"463711773766324224","token":"0add0cf998784901b518dd2a18a930be","openStateValue1":0,"password":"","openStateValue":0,"openStateValue2":0},"createTime":1591455798000}],"message":"SUCCESS","page":{"indexNo":0,"totalNo":134,"pageSize":2,"pageNo":1,"success":false}}
2020-06-16 00:18:18 [ INFO ] [ com.smarthome.aop.DecodeRequestBodyAdvice ] 获取用户的token:e0828cc19afb4b71952c822d28f3cc06
2020-06-16 00:18:18 [ INFO ] [ com.smarthome.aop.DecodeRequestBodyAdvice ] .....解密入参开始.....
2020-06-16 00:18:18 [ INFO ] [ com.smarthome.aop.DecodeRequestBodyAdvice ] .....解密入参结束.....
2020-06-16 00:18:18 [ INFO ] [ com.smarthome.aop.DecodeRequestBodyAdvice ] 方法[findDeviceControlLogList]读取处理后请求的数据:
{"deviceId":"460067400876953600","userId":"","token":"e0828cc19afb4b71952c822d28f3cc06","endTime":1597075199000,"page":{"indexNo":0,"totalNo":0,"pageSize":2,"pageNo":1,"success":true}}
2020-06-16 00:18:18 [ INFO ] [ com.smarthome.aop.TimeInterceptor ] 方法findDeviceControlLogList,请求耗时[27]毫秒
2020-06-16 00:18:18 [ INFO ] [ com.smarthome.aop.EncodeResponseBodyAdvice ] .....加密返回参数开始.....
2020-06-16 00:18:18 [ INFO ] [ com.smarthome.aop.EncodeResponseBodyAdvice ] .....加密返回参数结束.....
2020-06-16 00:18:18 [ INFO ] [ com.smarthome.aop.EncodeResponseBodyAdvice ] 方法[findDeviceControlLogList]返回加密数据:
{"code":"0","data":[],"message":"SUCCESS","page":{"indexNo":0,"totalNo":62,"pageSize":2,"pageNo":1,"success":false}}
2020-06-16 00:19:19 [ INFO ] [ org.springframework.scheduling.concurrent.ThreadPoolTaskScheduler ] Shutting down ExecutorService 'taskScheduler'
2020-06-16 00:19:19 [ INFO ] [ com.zaxxer.hikari.HikariDataSource ] Retail_HikariCP - Shutdown initiated...
2020-06-16 00:19:19 [ INFO ] [ com.zaxxer.hikari.HikariDataSource ] Retail_HikariCP - Shutdown completed.
